<?xml version="1.0" encoding="UTF-8"?>
<testsuite xmlns:xsi="http://www.w3.org/2001/XMLSchema-instance" xsi:noNamespaceSchemaLocation="https://maven.apache.org/surefire/maven-surefire-plugin/xsd/surefire-test-report.xsd" name="i verify xperia mobile cost in the result page" time="120.599" tests="2" errors="2" skipped="0" failures="0">
  <properties>
    <property name="sun.desktop" value="windows"/>
    <property name="awt.toolkit" value="sun.awt.windows.WToolkit"/>
    <property name="file.encoding.pkg" value="sun.io"/>
    <property name="java.specification.version" value="1.8"/>
    <property name="webdriver.chrome.driver" value="C:\Users\faizur\.m2\repository\webdriver\chromedriver\win32\80.0.3987.106\chromedriver.exe"/>
    <property name="sun.cpu.isalist" value="amd64"/>
    <property name="sun.jnu.encoding" value="Cp1252"/>
    <property name="java.class.path" value="C:\Users\faizur\eclipse-cucumberr\Guru99Ecom\target\test-classes;C:\Users\faizur\eclipse-cucumberr\Guru99Ecom\target\classes;C:\Users\faizur\.m2\repository\org\seleniumhq\selenium\selenium-java\3.141.59\selenium-java-3.141.59.jar;C:\Users\faizur\.m2\repository\org\seleniumhq\selenium\selenium-api\3.141.59\selenium-api-3.141.59.jar;C:\Users\faizur\.m2\repository\org\seleniumhq\selenium\selenium-chrome-driver\3.141.59\selenium-chrome-driver-3.141.59.jar;C:\Users\faizur\.m2\repository\org\seleniumhq\selenium\selenium-edge-driver\3.141.59\selenium-edge-driver-3.141.59.jar;C:\Users\faizur\.m2\repository\org\seleniumhq\selenium\selenium-firefox-driver\3.141.59\selenium-firefox-driver-3.141.59.jar;C:\Users\faizur\.m2\repository\org\seleniumhq\selenium\selenium-ie-driver\3.141.59\selenium-ie-driver-3.141.59.jar;C:\Users\faizur\.m2\repository\org\seleniumhq\selenium\selenium-opera-driver\3.141.59\selenium-opera-driver-3.141.59.jar;C:\Users\faizur\.m2\repository\org\seleniumhq\selenium\selenium-remote-driver\3.141.59\selenium-remote-driver-3.141.59.jar;C:\Users\faizur\.m2\repository\org\seleniumhq\selenium\selenium-safari-driver\3.141.59\selenium-safari-driver-3.141.59.jar;C:\Users\faizur\.m2\repository\org\seleniumhq\selenium\selenium-support\3.141.59\selenium-support-3.141.59.jar;C:\Users\faizur\.m2\repository\net\bytebuddy\byte-buddy\1.8.15\byte-buddy-1.8.15.jar;C:\Users\faizur\.m2\repository\org\apache\commons\commons-exec\1.3\commons-exec-1.3.jar;C:\Users\faizur\.m2\repository\com\google\guava\guava\25.0-jre\guava-25.0-jre.jar;C:\Users\faizur\.m2\repository\com\google\code\findbugs\jsr305\1.3.9\jsr305-1.3.9.jar;C:\Users\faizur\.m2\repository\org\checkerframework\checker-compat-qual\2.0.0\checker-compat-qual-2.0.0.jar;C:\Users\faizur\.m2\repository\com\google\errorprone\error_prone_annotations\2.1.3\error_prone_annotations-2.1.3.jar;C:\Users\faizur\.m2\repository\com\google\j2objc\j2objc-annotations\1.1\j2objc-annotations-1.1.jar;C:\Users\faizur\.m2\repository\org\codehaus\mojo\animal-sniffer-annotations\1.14\animal-sniffer-annotations-1.14.jar;C:\Users\faizur\.m2\repository\com\squareup\okhttp3\okhttp\3.11.0\okhttp-3.11.0.jar;C:\Users\faizur\.m2\repository\com\squareup\okio\okio\1.14.0\okio-1.14.0.jar;C:\Users\faizur\.m2\repository\io\github\bonigarcia\webdrivermanager\3.7.1\webdrivermanager-3.7.1.jar;C:\Users\faizur\.m2\repository\org\slf4j\slf4j-api\1.7.25\slf4j-api-1.7.25.jar;C:\Users\faizur\.m2\repository\commons-io\commons-io\2.6\commons-io-2.6.jar;C:\Users\faizur\.m2\repository\com\google\code\gson\gson\2.8.5\gson-2.8.5.jar;C:\Users\faizur\.m2\repository\org\apache\commons\commons-lang3\3.8.1\commons-lang3-3.8.1.jar;C:\Users\faizur\.m2\repository\org\apache\httpcomponents\httpclient\4.5.6\httpclient-4.5.6.jar;C:\Users\faizur\.m2\repository\org\apache\httpcomponents\httpcore\4.4.10\httpcore-4.4.10.jar;C:\Users\faizur\.m2\repository\commons-logging\commons-logging\1.2\commons-logging-1.2.jar;C:\Users\faizur\.m2\repository\commons-codec\commons-codec\1.10\commons-codec-1.10.jar;C:\Users\faizur\.m2\repository\org\rauschig\jarchivelib\1.0.0\jarchivelib-1.0.0.jar;C:\Users\faizur\.m2\repository\org\apache\commons\commons-compress\1.18\commons-compress-1.18.jar;C:\Users\faizur\.m2\repository\org\jsoup\jsoup\1.11.3\jsoup-1.11.3.jar;C:\Users\faizur\.m2\repository\io\cucumber\cucumber-java\4.2.0\cucumber-java-4.2.0.jar;C:\Users\faizur\.m2\repository\io\cucumber\cucumber-core\4.2.0\cucumber-core-4.2.0.jar;C:\Users\faizur\.m2\repository\io\cucumber\cucumber-html\0.2.7\cucumber-html-0.2.7.jar;C:\Users\faizur\.m2\repository\io\cucumber\gherkin\5.1.0\gherkin-5.1.0.jar;C:\Users\faizur\.m2\repository\io\cucumber\tag-expressions\1.1.1\tag-expressions-1.1.1.jar;C:\Users\faizur\.m2\repository\io\cucumber\cucumber-expressions\6.2.0\cucumber-expressions-6.2.0.jar;C:\Users\faizur\.m2\repository\io\cucumber\datatable\1.1.7\datatable-1.1.7.jar;C:\Users\faizur\.m2\repository\io\cucumber\datatable-dependencies\1.1.7\datatable-dependencies-1.1.7.jar;C:\Users\faizur\.m2\repository\io\cucumber\cucumber-junit\4.2.0\cucumber-junit-4.2.0.jar;C:\Users\faizur\.m2\repository\junit\junit\4.12\junit-4.12.jar;C:\Users\faizur\.m2\repository\org\hamcrest\hamcrest-core\1.3\hamcrest-core-1.3.jar;"/>
    <property name="java.vm.vendor" value="Oracle Corporation"/>
    <property name="sun.arch.data.model" value="64"/>
    <property name="user.variant" value=""/>
    <property name="java.vendor.url" value="http://java.oracle.com/"/>
    <property name="user.timezone" value="Asia/Calcutta"/>
    <property name="java.vm.specification.version" value="1.8"/>
    <property name="os.name" value="Windows 10"/>
    <property name="user.country" value="US"/>
    <property name="sun.java.launcher" value="SUN_STANDARD"/>
    <property name="sun.boot.library.path" value="C:\Program Files\Java\jre1.8.0_231\bin"/>
    <property name="sun.java.command" value="C:\Users\faizur\AppData\Local\Temp\surefire8790668754702809874\surefirebooter1445797974867971622.jar C:\Users\faizur\AppData\Local\Temp\surefire8790668754702809874 2020-04-05T15-28-12_874-jvmRun1 surefire4205972990558534452tmp surefire_05831344615256810552tmp"/>
    <property name="surefire.test.class.path" value="C:\Users\faizur\eclipse-cucumberr\Guru99Ecom\target\test-classes;C:\Users\faizur\eclipse-cucumberr\Guru99Ecom\target\classes;C:\Users\faizur\.m2\repository\org\seleniumhq\selenium\selenium-java\3.141.59\selenium-java-3.141.59.jar;C:\Users\faizur\.m2\repository\org\seleniumhq\selenium\selenium-api\3.141.59\selenium-api-3.141.59.jar;C:\Users\faizur\.m2\repository\org\seleniumhq\selenium\selenium-chrome-driver\3.141.59\selenium-chrome-driver-3.141.59.jar;C:\Users\faizur\.m2\repository\org\seleniumhq\selenium\selenium-edge-driver\3.141.59\selenium-edge-driver-3.141.59.jar;C:\Users\faizur\.m2\repository\org\seleniumhq\selenium\selenium-firefox-driver\3.141.59\selenium-firefox-driver-3.141.59.jar;C:\Users\faizur\.m2\repository\org\seleniumhq\selenium\selenium-ie-driver\3.141.59\selenium-ie-driver-3.141.59.jar;C:\Users\faizur\.m2\repository\org\seleniumhq\selenium\selenium-opera-driver\3.141.59\selenium-opera-driver-3.141.59.jar;C:\Users\faizur\.m2\repository\org\seleniumhq\selenium\selenium-remote-driver\3.141.59\selenium-remote-driver-3.141.59.jar;C:\Users\faizur\.m2\repository\org\seleniumhq\selenium\selenium-safari-driver\3.141.59\selenium-safari-driver-3.141.59.jar;C:\Users\faizur\.m2\repository\org\seleniumhq\selenium\selenium-support\3.141.59\selenium-support-3.141.59.jar;C:\Users\faizur\.m2\repository\net\bytebuddy\byte-buddy\1.8.15\byte-buddy-1.8.15.jar;C:\Users\faizur\.m2\repository\org\apache\commons\commons-exec\1.3\commons-exec-1.3.jar;C:\Users\faizur\.m2\repository\com\google\guava\guava\25.0-jre\guava-25.0-jre.jar;C:\Users\faizur\.m2\repository\com\google\code\findbugs\jsr305\1.3.9\jsr305-1.3.9.jar;C:\Users\faizur\.m2\repository\org\checkerframework\checker-compat-qual\2.0.0\checker-compat-qual-2.0.0.jar;C:\Users\faizur\.m2\repository\com\google\errorprone\error_prone_annotations\2.1.3\error_prone_annotations-2.1.3.jar;C:\Users\faizur\.m2\repository\com\google\j2objc\j2objc-annotations\1.1\j2objc-annotations-1.1.jar;C:\Users\faizur\.m2\repository\org\codehaus\mojo\animal-sniffer-annotations\1.14\animal-sniffer-annotations-1.14.jar;C:\Users\faizur\.m2\repository\com\squareup\okhttp3\okhttp\3.11.0\okhttp-3.11.0.jar;C:\Users\faizur\.m2\repository\com\squareup\okio\okio\1.14.0\okio-1.14.0.jar;C:\Users\faizur\.m2\repository\io\github\bonigarcia\webdrivermanager\3.7.1\webdrivermanager-3.7.1.jar;C:\Users\faizur\.m2\repository\org\slf4j\slf4j-api\1.7.25\slf4j-api-1.7.25.jar;C:\Users\faizur\.m2\repository\commons-io\commons-io\2.6\commons-io-2.6.jar;C:\Users\faizur\.m2\repository\com\google\code\gson\gson\2.8.5\gson-2.8.5.jar;C:\Users\faizur\.m2\repository\org\apache\commons\commons-lang3\3.8.1\commons-lang3-3.8.1.jar;C:\Users\faizur\.m2\repository\org\apache\httpcomponents\httpclient\4.5.6\httpclient-4.5.6.jar;C:\Users\faizur\.m2\repository\org\apache\httpcomponents\httpcore\4.4.10\httpcore-4.4.10.jar;C:\Users\faizur\.m2\repository\commons-logging\commons-logging\1.2\commons-logging-1.2.jar;C:\Users\faizur\.m2\repository\commons-codec\commons-codec\1.10\commons-codec-1.10.jar;C:\Users\faizur\.m2\repository\org\rauschig\jarchivelib\1.0.0\jarchivelib-1.0.0.jar;C:\Users\faizur\.m2\repository\org\apache\commons\commons-compress\1.18\commons-compress-1.18.jar;C:\Users\faizur\.m2\repository\org\jsoup\jsoup\1.11.3\jsoup-1.11.3.jar;C:\Users\faizur\.m2\repository\io\cucumber\cucumber-java\4.2.0\cucumber-java-4.2.0.jar;C:\Users\faizur\.m2\repository\io\cucumber\cucumber-core\4.2.0\cucumber-core-4.2.0.jar;C:\Users\faizur\.m2\repository\io\cucumber\cucumber-html\0.2.7\cucumber-html-0.2.7.jar;C:\Users\faizur\.m2\repository\io\cucumber\gherkin\5.1.0\gherkin-5.1.0.jar;C:\Users\faizur\.m2\repository\io\cucumber\tag-expressions\1.1.1\tag-expressions-1.1.1.jar;C:\Users\faizur\.m2\repository\io\cucumber\cucumber-expressions\6.2.0\cucumber-expressions-6.2.0.jar;C:\Users\faizur\.m2\repository\io\cucumber\datatable\1.1.7\datatable-1.1.7.jar;C:\Users\faizur\.m2\repository\io\cucumber\datatable-dependencies\1.1.7\datatable-dependencies-1.1.7.jar;C:\Users\faizur\.m2\repository\io\cucumber\cucumber-junit\4.2.0\cucumber-junit-4.2.0.jar;C:\Users\faizur\.m2\repository\junit\junit\4.12\junit-4.12.jar;C:\Users\faizur\.m2\repository\org\hamcrest\hamcrest-core\1.3\hamcrest-core-1.3.jar;"/>
    <property name="sun.cpu.endian" value="little"/>
    <property name="user.home" value="C:\Users\faizur"/>
    <property name="user.language" value="en"/>
    <property name="java.specification.vendor" value="Oracle Corporation"/>
    <property name="java.home" value="C:\Program Files\Java\jre1.8.0_231"/>
    <property name="basedir" value="C:\Users\faizur\eclipse-cucumberr\Guru99Ecom"/>
    <property name="file.separator" value="\"/>
    <property name="line.separator" value="&#10;"/>
    <property name="java.vm.specification.vendor" value="Oracle Corporation"/>
    <property name="java.specification.name" value="Java Platform API Specification"/>
    <property name="java.awt.graphicsenv" value="sun.awt.Win32GraphicsEnvironment"/>
    <property name="surefire.real.class.path" value="C:\Users\faizur\AppData\Local\Temp\surefire8790668754702809874\surefirebooter1445797974867971622.jar"/>
    <property name="sun.boot.class.path" value="C:\Program Files\Java\jre1.8.0_231\lib\resources.jar;C:\Program Files\Java\jre1.8.0_231\lib\rt.jar;C:\Program Files\Java\jre1.8.0_231\lib\sunrsasign.jar;C:\Program Files\Java\jre1.8.0_231\lib\jsse.jar;C:\Program Files\Java\jre1.8.0_231\lib\jce.jar;C:\Program Files\Java\jre1.8.0_231\lib\charsets.jar;C:\Program Files\Java\jre1.8.0_231\lib\jfr.jar;C:\Program Files\Java\jre1.8.0_231\classes"/>
    <property name="user.script" value=""/>
    <property name="sun.management.compiler" value="HotSpot 64-Bit Tiered Compilers"/>
    <property name="java.runtime.version" value="1.8.0_231-b11"/>
    <property name="user.name" value="faizur"/>
    <property name="path.separator" value=";"/>
    <property name="os.version" value="10.0"/>
    <property name="java.endorsed.dirs" value="C:\Program Files\Java\jre1.8.0_231\lib\endorsed"/>
    <property name="java.runtime.name" value="Java(TM) SE Runtime Environment"/>
    <property name="file.encoding" value="Cp1252"/>
    <property name="java.vm.name" value="Java HotSpot(TM) 64-Bit Server VM"/>
    <property name="localRepository" value="C:\Users\faizur\.m2\repository"/>
    <property name="java.vendor.url.bug" value="http://bugreport.sun.com/bugreport/"/>
    <property name="java.io.tmpdir" value="C:\Users\faizur\AppData\Local\Temp\"/>
    <property name="java.version" value="1.8.0_231"/>
    <property name="user.dir" value="C:\Users\faizur\eclipse-cucumberr\Guru99Ecom"/>
    <property name="os.arch" value="amd64"/>
    <property name="java.vm.specification.name" value="Java Virtual Machine Specification"/>
    <property name="java.awt.printerjob" value="sun.awt.windows.WPrinterJob"/>
    <property name="sun.os.patch.level" value=""/>
    <property name="java.library.path" value="C:\Program Files\Java\jre1.8.0_231\bin;C:\WINDOWS\Sun\Java\bin;C:\WINDOWS\system32;C:\WINDOWS;C:/Program Files/Java/jre1.8.0_231/bin/server;C:/Program Files/Java/jre1.8.0_231/bin;C:/Program Files/Java/jre1.8.0_231/lib/amd64;C:\oraclexe\app\oracle\product\10.2.0\server\bin;C:\Program Files (x86)\Common Files\Oracle\Java\javapath;C:\WINDOWS\system32;C:\WINDOWS;C:\WINDOWS\System32\Wbem;C:\WINDOWS\System32\WindowsPowerShell\v1.0\;C:\Program Files (x86)\Common Files\lenovo\easyplussdk\bin;C:\Program Files\Git\cmd;C:\Program Files\apache-maven-3.6.3\bin;C:\WINDOWS\System32\OpenSSH\;C:\Program Files\nodejs\;C:\Program Files\Java\jdk1.8.0_231\bin;C:\Users\faizur\AppData\Local\Microsoft\WindowsApps;C:\Users\faizur\AppData\Roaming\npm;C:\Users\faizur\Downloads\eclipse;;."/>
    <property name="java.vm.info" value="mixed mode"/>
    <property name="java.vendor" value="Oracle Corporation"/>
    <property name="java.vm.version" value="25.231-b11"/>
    <property name="java.ext.dirs" value="C:\Program Files\Java\jre1.8.0_231\lib\ext;C:\WINDOWS\Sun\Java\lib\ext"/>
    <property name="sun.io.unicode.encoding" value="UnicodeLittle"/>
    <property name="java.class.version" value="52.0"/>
  </properties>
  <testcase name="i verify xperia mobile cost in the result page" classname="i verify xperia mobile cost in the result page" time="120.599">
    <error message="chrome not reachable&#10;  (Session info: chrome=80.0.3987.162)&#10;Build info: version: &apos;3.141.59&apos;, revision: &apos;e82be7d358&apos;, time: &apos;2018-11-14T08:17:03&apos;&#10;System info: host: &apos;FAIZUR&apos;, ip: &apos;192.168.43.103&apos;, os.name: &apos;Windows 10&apos;, os.arch: &apos;amd64&apos;, os.version: &apos;10.0&apos;, java.version: &apos;1.8.0_231&apos;&#10;Driver info: org.openqa.selenium.chrome.ChromeDriver&#10;Capabilities {acceptInsecureCerts: false, browserName: chrome, browserVersion: 80.0.3987.162, chrome: {chromedriverVersion: 80.0.3987.106 (f68069574609..., userDataDir: C:\Users\faizur\AppData\Loc...}, goog:chromeOptions: {debuggerAddress: localhost:51173}, javascriptEnabled: true, networkConnectionEnabled: false, pageLoadStrategy: normal, platform: WINDOWS, platformName: WINDOWS, proxy: Proxy(), setWindowRect: true, strictFileInteractability: false, timeouts: {implicit: 0, pageLoad: 300000, script: 30000}, unhandledPromptBehavior: dismiss and notify}&#10;Session ID: 0a55f2ca3c65f2d41ddf072db1f7fd7c&#10;*** Element info: {Using=xpath, value=//h2[contains(text(),&apos;This is demo site for&apos;)]}" type="org.openqa.selenium.WebDriverException">org.openqa.selenium.WebDriverException: 
chrome not reachable
  (Session info: chrome=80.0.3987.162)
Build info: version: '3.141.59', revision: 'e82be7d358', time: '2018-11-14T08:17:03'
System info: host: 'FAIZUR', ip: '192.168.43.103', os.name: 'Windows 10', os.arch: 'amd64', os.version: '10.0', java.version: '1.8.0_231'
Driver info: org.openqa.selenium.chrome.ChromeDriver
Capabilities {acceptInsecureCerts: false, browserName: chrome, browserVersion: 80.0.3987.162, chrome: {chromedriverVersion: 80.0.3987.106 (f68069574609..., userDataDir: C:\Users\faizur\AppData\Loc...}, goog:chromeOptions: {debuggerAddress: localhost:51173}, javascriptEnabled: true, networkConnectionEnabled: false, pageLoadStrategy: normal, platform: WINDOWS, platformName: WINDOWS, proxy: Proxy(), setWindowRect: true, strictFileInteractability: false, timeouts: {implicit: 0, pageLoad: 300000, script: 30000}, unhandledPromptBehavior: dismiss and notify}
Session ID: 0a55f2ca3c65f2d41ddf072db1f7fd7c
*** Element info: {Using=xpath, value=//h2[contains(text(),'This is demo site for')]}
</error>
    <system-out><![CDATA[.F--------]]></system-out>
    <system-err><![CDATA[Starting ChromeDriver 80.0.3987.106 (f68069574609230cf9b635cd784cfb1bf81bb53a-refs/branch-heads/3987@{#882}) on port 35131
Only local connections are allowed.
Please protect ports used by ChromeDriver and related test frameworks to prevent access by malicious code.
[1586080709.070][WARNING]: Timed out connecting to Chrome, retrying...
Apr 05, 2020 3:28:31 PM org.openqa.selenium.remote.ProtocolHandshake createSession
INFO: Detected dialect: W3C
[1586080713.443][SEVERE]: Timed out receiving message from renderer: 0.100
[1586080713.556][SEVERE]: Timed out receiving message from renderer: 0.100
[1586080713.658][SEVERE]: Timed out receiving message from renderer: 0.100
[1586080713.767][SEVERE]: Timed out receiving message from renderer: 0.100
[1586080713.870][SEVERE]: Timed out receiving message from renderer: 0.100
[1586080713.972][SEVERE]: Timed out receiving message from renderer: 0.100
[1586080714.075][SEVERE]: Timed out receiving message from renderer: 0.100
[1586080714.177][SEVERE]: Timed out receiving message from renderer: 0.100
[1586080714.280][SEVERE]: Timed out receiving message from renderer: 0.100
[1586080714.385][SEVERE]: Timed out receiving message from renderer: 0.100
[1586080714.488][SEVERE]: Timed out receiving message from renderer: 0.100
[1586080714.591][SEVERE]: Timed out receiving message from renderer: 0.100
[1586080714.693][SEVERE]: Timed out receiving message from renderer: 0.100
[1586080714.803][SEVERE]: Timed out receiving message from renderer: 0.100
[1586080714.920][SEVERE]: Timed out receiving message from renderer: 0.100
[1586080715.027][SEVERE]: Timed out receiving message from renderer: 0.100
[1586080715.128][SEVERE]: Timed out receiving message from renderer: 0.100
[1586080715.231][SEVERE]: Timed out receiving message from renderer: 0.100
[1586080715.337][SEVERE]: Timed out receiving message from renderer: 0.100
[1586080715.441][SEVERE]: Timed out receiving message from renderer: 0.100
[1586080715.550][SEVERE]: Timed out receiving message from renderer: 0.100
[1586080715.658][SEVERE]: Timed out receiving message from renderer: 0.100
[1586080715.787][SEVERE]: Timed out receiving message from renderer: 0.100
[1586080715.889][SEVERE]: Timed out receiving message from renderer: 0.100
[1586080715.992][SEVERE]: Timed out receiving message from renderer: 0.100
[1586080716.095][SEVERE]: Timed out receiving message from renderer: 0.100
[1586080716.207][SEVERE]: Timed out receiving message from renderer: 0.100
[1586080716.310][SEVERE]: Timed out receiving message from renderer: 0.100
[1586080716.423][SEVERE]: Timed out receiving message from renderer: 0.100
[1586080716.526][SEVERE]: Timed out receiving message from renderer: 0.100
[1586080716.649][SEVERE]: Timed out receiving message from renderer: 0.100
[1586080716.793][SEVERE]: Timed out receiving message from renderer: 0.100
[1586080716.898][SEVERE]: Timed out receiving message from renderer: 0.100
[1586080717.003][SEVERE]: Timed out receiving message from renderer: 0.100
[1586080717.105][SEVERE]: Timed out receiving message from renderer: 0.100
[1586080717.207][SEVERE]: Timed out receiving message from renderer: 0.100
[1586080717.309][SEVERE]: Timed out receiving message from renderer: 0.100
[1586080717.411][SEVERE]: Timed out receiving message from renderer: 0.100
[1586080717.527][SEVERE]: Timed out receiving message from renderer: 0.100
[1586080717.645][SEVERE]: Timed out receiving message from renderer: 0.100
[1586080717.760][SEVERE]: Timed out receiving message from renderer: 0.100
[1586080717.874][SEVERE]: Timed out receiving message from renderer: 0.100
[1586080718.004][SEVERE]: Timed out receiving message from renderer: 0.100
[1586080718.124][SEVERE]: Timed out receiving message from renderer: 0.100
[1586080718.239][SEVERE]: Timed out receiving message from renderer: 0.100
[1586080718.372][SEVERE]: Timed out receiving message from renderer: 0.100
[1586080718.649][SEVERE]: Timed out receiving message from renderer: 0.100
[1586080718.774][SEVERE]: Timed out receiving message from renderer: 0.100
[1586080718.887][SEVERE]: Timed out receiving message from renderer: 0.100
[1586080718.997][SEVERE]: Timed out receiving message from renderer: 0.100
[1586080719.107][SEVERE]: Timed out receiving message from renderer: 0.100
[1586080719.211][SEVERE]: Timed out receiving message from renderer: 0.100
[1586080719.321][SEVERE]: Timed out receiving message from renderer: 0.100
[1586080719.470][SEVERE]: Timed out receiving message from renderer: 0.100
[1586080719.573][SEVERE]: Timed out receiving message from renderer: 0.100
[1586080719.675][SEVERE]: Timed out receiving message from renderer: 0.100
[1586080719.788][SEVERE]: Timed out receiving message from renderer: 0.100
[1586080719.891][SEVERE]: Timed out receiving message from renderer: 0.100
[1586080719.998][SEVERE]: Timed out receiving message from renderer: 0.100
[1586080720.105][SEVERE]: Timed out receiving message from renderer: 0.100
[1586080720.222][SEVERE]: Timed out receiving message from renderer: 0.100
[1586080720.323][SEVERE]: Timed out receiving message from renderer: 0.100
[1586080720.427][SEVERE]: Timed out receiving message from renderer: 0.100
[1586080720.539][SEVERE]: Timed out receiving message from renderer: 0.100
[1586080720.653][SEVERE]: Timed out receiving message from renderer: 0.100
[1586080720.759][SEVERE]: Timed out receiving message from renderer: 0.100
[1586080720.864][SEVERE]: Timed out receiving message from renderer: 0.100
[1586080720.969][SEVERE]: Timed out receiving message from renderer: 0.100
[1586080721.071][SEVERE]: Timed out receiving message from renderer: 0.100
[1586080721.173][SEVERE]: Timed out receiving message from renderer: 0.100
[1586080721.275][SEVERE]: Timed out receiving message from renderer: 0.100
[1586080721.382][SEVERE]: Timed out receiving message from renderer: 0.100
[1586080721.485][SEVERE]: Timed out receiving message from renderer: 0.100
[1586080721.587][SEVERE]: Timed out receiving message from renderer: 0.100
[1586080721.689][SEVERE]: Timed out receiving message from renderer: 0.100
[1586080721.791][SEVERE]: Timed out receiving message from renderer: 0.100
[1586080721.893][SEVERE]: Timed out receiving message from renderer: 0.100
[1586080722.000][SEVERE]: Timed out receiving message from renderer: 0.100
[1586080722.103][SEVERE]: Timed out receiving message from renderer: 0.100
[1586080722.204][SEVERE]: Timed out receiving message from renderer: 0.100
[1586080722.306][SEVERE]: Timed out receiving message from renderer: 0.100
[1586080722.409][SEVERE]: Timed out receiving message from renderer: 0.100
[1586080722.525][SEVERE]: Timed out receiving message from renderer: 0.100
[1586080722.627][SEVERE]: Timed out receiving message from renderer: 0.100
[1586080722.734][SEVERE]: Timed out receiving message from renderer: 0.100
[1586080722.838][SEVERE]: Timed out receiving message from renderer: 0.100
[1586080722.941][SEVERE]: Timed out receiving message from renderer: 0.100
[1586080723.043][SEVERE]: Timed out receiving message from renderer: 0.100
[1586080723.149][SEVERE]: Timed out receiving message from renderer: 0.100
[1586080723.251][SEVERE]: Timed out receiving message from renderer: 0.100
[1586080723.352][SEVERE]: Timed out receiving message from renderer: 0.100
[1586080723.479][SEVERE]: Timed out receiving message from renderer: 0.100
[1586080723.584][SEVERE]: Timed out receiving message from renderer: 0.100
[1586080723.696][SEVERE]: Timed out receiving message from renderer: 0.100
[1586080723.802][SEVERE]: Timed out receiving message from renderer: 0.100
[1586080723.909][SEVERE]: Timed out receiving message from renderer: 0.100
[1586080724.013][SEVERE]: Timed out receiving message from renderer: 0.100
[1586080724.117][SEVERE]: Timed out receiving message from renderer: 0.100
[1586080724.219][SEVERE]: Timed out receiving message from renderer: 0.100
[1586080724.322][SEVERE]: Timed out receiving message from renderer: 0.100
[1586080724.424][SEVERE]: Timed out receiving message from renderer: 0.100
[1586080724.532][SEVERE]: Timed out receiving message from renderer: 0.100
[1586080724.636][SEVERE]: Timed out receiving message from renderer: 0.100
[1586080724.737][SEVERE]: Timed out receiving message from renderer: 0.100
[1586080724.840][SEVERE]: Timed out receiving message from renderer: 0.100
[1586080724.941][SEVERE]: Timed out receiving message from renderer: 0.100
[1586080725.048][SEVERE]: Timed out receiving message from renderer: 0.100
[1586080725.171][SEVERE]: Timed out receiving message from renderer: 0.100
[1586080725.283][SEVERE]: Timed out receiving message from renderer: 0.100
[1586080725.385][SEVERE]: Timed out receiving message from renderer: 0.100
[1586080725.489][SEVERE]: Timed out receiving message from renderer: 0.100
[1586080725.591][SEVERE]: Timed out receiving message from renderer: 0.100
[1586080725.692][SEVERE]: Timed out receiving message from renderer: 0.100
[1586080725.797][SEVERE]: Timed out receiving message from renderer: 0.100
[1586080725.903][SEVERE]: Timed out receiving message from renderer: 0.100
[1586080726.005][SEVERE]: Timed out receiving message from renderer: 0.100
[1586080726.139][SEVERE]: Timed out receiving message from renderer: 0.100
[1586080726.249][SEVERE]: Timed out receiving message from renderer: 0.100
[1586080726.367][SEVERE]: Timed out receiving message from renderer: 0.100
[1586080726.486][SEVERE]: Timed out receiving message from renderer: 0.100
[1586080726.632][SEVERE]: Timed out receiving message from renderer: 0.100
[1586080726.742][SEVERE]: Timed out receiving message from renderer: 0.100
[1586080726.857][SEVERE]: Timed out receiving message from renderer: 0.100
[1586080726.969][SEVERE]: Timed out receiving message from renderer: 0.100
[1586080727.070][SEVERE]: Timed out receiving message from renderer: 0.100
[1586080727.188][SEVERE]: Timed out receiving message from renderer: 0.100
[1586080727.308][SEVERE]: Timed out receiving message from renderer: 0.100
[1586080727.442][SEVERE]: Timed out receiving message from renderer: 0.100
[1586080727.558][SEVERE]: Timed out receiving message from renderer: 0.100
[1586080727.666][SEVERE]: Timed out receiving message from renderer: 0.100
[1586080727.773][SEVERE]: Timed out receiving message from renderer: 0.100
[1586080727.888][SEVERE]: Timed out receiving message from renderer: 0.100
[1586080728.017][SEVERE]: Timed out receiving message from renderer: 0.100
[1586080728.133][SEVERE]: Timed out receiving message from renderer: 0.100
[1586080728.251][SEVERE]: Timed out receiving message from renderer: 0.100
[1586080728.406][SEVERE]: Timed out receiving message from renderer: 0.100
[1586080728.507][SEVERE]: Timed out receiving message from renderer: 0.100
[1586080728.609][SEVERE]: Timed out receiving message from renderer: 0.100
[1586080728.723][SEVERE]: Timed out receiving message from renderer: 0.100
[1586080728.846][SEVERE]: Timed out receiving message from renderer: 0.100
[1586080728.968][SEVERE]: Timed out receiving message from renderer: 0.100
[1586080729.105][SEVERE]: Timed out receiving message from renderer: 0.100
[1586080729.236][SEVERE]: Timed out receiving message from renderer: 0.100
[1586080729.368][SEVERE]: Timed out receiving message from renderer: 0.100
[1586080729.487][SEVERE]: Timed out receiving message from renderer: 0.100
[1586080729.596][SEVERE]: Timed out receiving message from renderer: 0.100
[1586080729.716][SEVERE]: Timed out receiving message from renderer: 0.100
[1586080729.830][SEVERE]: Timed out receiving message from renderer: 0.100
[1586080729.933][SEVERE]: Timed out receiving message from renderer: 0.100
[1586080730.040][SEVERE]: Timed out receiving message from renderer: 0.100
[1586080730.147][SEVERE]: Timed out receiving message from renderer: 0.100
[1586080730.250][SEVERE]: Timed out receiving message from renderer: 0.100
[1586080730.353][SEVERE]: Timed out receiving message from renderer: 0.100
[1586080730.483][SEVERE]: Timed out receiving message from renderer: 0.100
[1586080730.651][SEVERE]: Timed out receiving message from renderer: 0.100
[1586080730.775][SEVERE]: Timed out receiving message from renderer: 0.100
[1586080730.884][SEVERE]: Timed out receiving message from renderer: 0.100
[1586080731.016][SEVERE]: Timed out receiving message from renderer: 0.100
[1586080731.185][SEVERE]: Timed out receiving message from renderer: 0.100
[1586080731.298][SEVERE]: Timed out receiving message from renderer: 0.100
[1586080731.400][SEVERE]: Timed out receiving message from renderer: 0.100
[1586080731.513][SEVERE]: Timed out receiving message from renderer: 0.100
[1586080731.621][SEVERE]: Timed out receiving message from renderer: 0.100
[1586080731.752][SEVERE]: Timed out receiving message from renderer: 0.100
[1586080731.872][SEVERE]: Timed out receiving message from renderer: 0.100
[1586080732.034][SEVERE]: Timed out receiving message from renderer: 0.100
[1586080732.171][SEVERE]: Timed out receiving message from renderer: 0.100
[1586080732.296][SEVERE]: Timed out receiving message from renderer: 0.100
[1586080732.406][SEVERE]: Timed out receiving message from renderer: 0.100
[1586080732.546][SEVERE]: Timed out receiving message from renderer: 0.100
[1586080732.655][SEVERE]: Timed out receiving message from renderer: 0.100
[1586080732.762][SEVERE]: Timed out receiving message from renderer: 0.100
[1586080732.868][SEVERE]: Timed out receiving message from renderer: 0.100
[1586080732.980][SEVERE]: Timed out receiving message from renderer: 0.100
[1586080733.100][SEVERE]: Timed out receiving message from renderer: 0.100
[1586080733.202][SEVERE]: Timed out receiving message from renderer: 0.100
[1586080733.310][SEVERE]: Timed out receiving message from renderer: 0.100
[1586080733.423][SEVERE]: Timed out receiving message from renderer: 0.100
[1586080733.547][SEVERE]: Timed out receiving message from renderer: 0.100
[1586080733.671][SEVERE]: Timed out receiving message from renderer: 0.100
[1586080733.795][SEVERE]: Timed out receiving message from renderer: 0.100
[1586080733.900][SEVERE]: Timed out receiving message from renderer: 0.100
[1586080734.012][SEVERE]: Timed out receiving message from renderer: 0.100
[1586080734.123][SEVERE]: Timed out receiving message from renderer: 0.100
[1586080734.266][SEVERE]: Timed out receiving message from renderer: 0.100
[1586080734.386][SEVERE]: Timed out receiving message from renderer: 0.100
[1586080734.511][SEVERE]: Timed out receiving message from renderer: 0.100
[1586080734.645][SEVERE]: Timed out receiving message from renderer: 0.100
[1586080734.763][SEVERE]: Timed out receiving message from renderer: 0.100
[1586080734.865][SEVERE]: Timed out receiving message from renderer: 0.100
[1586080734.984][SEVERE]: Timed out receiving message from renderer: 0.100
[1586080735.088][SEVERE]: Timed out receiving message from renderer: 0.100
[1586080735.195][SEVERE]: Timed out receiving message from renderer: 0.100
[1586080735.304][SEVERE]: Timed out receiving message from renderer: 0.100
[1586080735.423][SEVERE]: Timed out receiving message from renderer: 0.100
[1586080735.532][SEVERE]: Timed out receiving message from renderer: 0.100
[1586080735.639][SEVERE]: Timed out receiving message from renderer: 0.100
[1586080735.753][SEVERE]: Timed out receiving message from renderer: 0.100
[1586080735.860][SEVERE]: Timed out receiving message from renderer: 0.100
[1586080735.965][SEVERE]: Timed out receiving message from renderer: 0.100
[1586080736.096][SEVERE]: Timed out receiving message from renderer: 0.100
[1586080736.217][SEVERE]: Timed out receiving message from renderer: 0.100
[1586080736.323][SEVERE]: Timed out receiving message from renderer: 0.100
[1586080736.432][SEVERE]: Timed out receiving message from renderer: 0.100
[1586080736.561][SEVERE]: Timed out receiving message from renderer: 0.100
[1586080736.667][SEVERE]: Timed out receiving message from renderer: 0.100
[1586080736.782][SEVERE]: Timed out receiving message from renderer: 0.100
[1586080736.901][SEVERE]: Timed out receiving message from renderer: 0.100
[1586080737.017][SEVERE]: Timed out receiving message from renderer: 0.100
[1586080737.122][SEVERE]: Timed out receiving message from renderer: 0.100
[1586080737.272][SEVERE]: Timed out receiving message from renderer: 0.100
[1586080737.421][SEVERE]: Timed out receiving message from renderer: 0.100
[1586080737.532][SEVERE]: Timed out receiving message from renderer: 0.100
[1586080737.634][SEVERE]: Timed out receiving message from renderer: 0.100
[1586080737.740][SEVERE]: Timed out receiving message from renderer: 0.100
[1586080737.859][SEVERE]: Timed out receiving message from renderer: 0.100
[1586080737.970][SEVERE]: Timed out receiving message from renderer: 0.100
[1586080738.090][SEVERE]: Timed out receiving message from renderer: 0.100
[1586080738.291][SEVERE]: Timed out receiving message from renderer: 0.100
[1586080738.399][SEVERE]: Timed out receiving message from renderer: 0.100
[1586080738.504][SEVERE]: Timed out receiving message from renderer: 0.100
[1586080738.621][SEVERE]: Timed out receiving message from renderer: 0.100
[1586080738.940][SEVERE]: Timed out receiving message from renderer: 0.100
[1586080739.048][SEVERE]: Timed out receiving message from renderer: 0.100
[1586080739.157][SEVERE]: Timed out receiving message from renderer: 0.100
[1586080739.263][SEVERE]: Timed out receiving message from renderer: 0.100
[1586080739.365][SEVERE]: Timed out receiving message from renderer: 0.100
[1586080739.466][SEVERE]: Timed out receiving message from renderer: 0.100
[1586080739.568][SEVERE]: Timed out receiving message from renderer: 0.100
[1586080739.669][SEVERE]: Timed out receiving message from renderer: 0.100
[1586080739.770][SEVERE]: Timed out receiving message from renderer: 0.100
[1586080739.871][SEVERE]: Timed out receiving message from renderer: 0.100
[1586080739.972][SEVERE]: Timed out receiving message from renderer: 0.100
[1586080740.076][SEVERE]: Timed out receiving message from renderer: 0.100
[1586080740.182][SEVERE]: Timed out receiving message from renderer: 0.100
[1586080740.293][SEVERE]: Timed out receiving message from renderer: 0.100
[1586080740.395][SEVERE]: Timed out receiving message from renderer: 0.100
[1586080740.496][SEVERE]: Timed out receiving message from renderer: 0.100
[1586080740.598][SEVERE]: Timed out receiving message from renderer: 0.100
[1586080740.699][SEVERE]: Timed out receiving message from renderer: 0.100
[1586080740.801][SEVERE]: Timed out receiving message from renderer: 0.100
[1586080740.903][SEVERE]: Timed out receiving message from renderer: 0.100
[1586080741.006][SEVERE]: Timed out receiving message from renderer: 0.100
[1586080741.178][SEVERE]: Timed out receiving message from renderer: 0.100
[1586080741.280][SEVERE]: Timed out receiving message from renderer: 0.100
[1586080741.381][SEVERE]: Timed out receiving message from renderer: 0.100
[1586080741.484][SEVERE]: Timed out receiving message from renderer: 0.100
[1586080741.587][SEVERE]: Timed out receiving message from renderer: 0.100
[1586080741.689][SEVERE]: Timed out receiving message from renderer: 0.100
[1586080741.798][SEVERE]: Timed out receiving message from renderer: 0.100
[1586080741.920][SEVERE]: Timed out receiving message from renderer: 0.100
[1586080742.023][SEVERE]: Timed out receiving message from renderer: 0.100
[1586080742.130][SEVERE]: Timed out receiving message from renderer: 0.100
[1586080742.233][SEVERE]: Timed out receiving message from renderer: 0.100
[1586080742.338][SEVERE]: Timed out receiving message from renderer: 0.100
[1586080742.444][SEVERE]: Timed out receiving message from renderer: 0.100
[1586080742.561][SEVERE]: Timed out receiving message from renderer: 0.100
[1586080742.684][SEVERE]: Timed out receiving message from renderer: 0.100
[1586080743.353][SEVERE]: Timed out receiving message from renderer: 0.100
[1586080743.455][SEVERE]: Timed out receiving message from renderer: 0.100
[1586080743.560][SEVERE]: Timed out receiving message from renderer: 0.100
[1586080743.678][SEVERE]: Timed out receiving message from renderer: 0.100
[1586080743.781][SEVERE]: Timed out receiving message from renderer: 0.100
[1586080743.885][SEVERE]: Timed out receiving message from renderer: 0.100
[1586080743.987][SEVERE]: Timed out receiving message from renderer: 0.100
[1586080744.093][SEVERE]: Timed out receiving message from renderer: 0.100
[1586080744.196][SEVERE]: Timed out receiving message from renderer: 0.100
[1586080744.301][SEVERE]: Timed out receiving message from renderer: 0.100
[1586080744.405][SEVERE]: Timed out receiving message from renderer: 0.100
[1586080744.521][SEVERE]: Timed out receiving message from renderer: 0.100
[1586080744.669][SEVERE]: Timed out receiving message from renderer: 0.100
[1586080744.781][SEVERE]: Timed out receiving message from renderer: 0.100
[1586080744.885][SEVERE]: Timed out receiving message from renderer: 0.100
[1586080744.989][SEVERE]: Timed out receiving message from renderer: 0.100
[1586080745.100][SEVERE]: Timed out receiving message from renderer: 0.100
[1586080745.205][SEVERE]: Timed out receiving message from renderer: 0.100
[1586080745.313][SEVERE]: Timed out receiving message from renderer: 0.100
[1586080745.416][SEVERE]: Timed out receiving message from renderer: 0.100
[1586080745.518][SEVERE]: Timed out receiving message from renderer: 0.100
[1586080745.620][SEVERE]: Timed out receiving message from renderer: 0.100
[1586080745.722][SEVERE]: Timed out receiving message from renderer: 0.100
[1586080745.830][SEVERE]: Timed out receiving message from renderer: 0.100
[1586080745.933][SEVERE]: Timed out receiving message from renderer: 0.100
[1586080746.036][SEVERE]: Timed out receiving message from renderer: 0.100
[1586080746.149][SEVERE]: Timed out receiving message from renderer: 0.100
[1586080746.252][SEVERE]: Timed out receiving message from renderer: 0.100
[1586080746.370][SEVERE]: Timed out receiving message from renderer: 0.100
[1586080746.605][SEVERE]: Timed out receiving message from renderer: 0.100
[1586080746.720][SEVERE]: Timed out receiving message from renderer: 0.100
[1586080746.846][SEVERE]: Timed out receiving message from renderer: 0.100
[1586080746.949][SEVERE]: Timed out receiving message from renderer: 0.100
[1586080747.051][SEVERE]: Timed out receiving message from renderer: 0.100
[1586080747.153][SEVERE]: Timed out receiving message from renderer: 0.100
[1586080747.259][SEVERE]: Timed out receiving message from renderer: 0.100
[1586080747.368][SEVERE]: Timed out receiving message from renderer: 0.100
[1586080747.493][SEVERE]: Timed out receiving message from renderer: 0.100
[1586080747.598][SEVERE]: Timed out receiving message from renderer: 0.100
[1586080747.700][SEVERE]: Timed out receiving message from renderer: 0.100
[1586080747.804][SEVERE]: Timed out receiving message from renderer: 0.100
[1586080747.909][SEVERE]: Timed out receiving message from renderer: 0.100
[1586080748.015][SEVERE]: Timed out receiving message from renderer: 0.100
[1586080748.121][SEVERE]: Timed out receiving message from renderer: 0.100
[1586080748.233][SEVERE]: Timed out receiving message from renderer: 0.100
[1586080748.350][SEVERE]: Timed out receiving message from renderer: 0.100
[1586080748.463][SEVERE]: Timed out receiving message from renderer: 0.100
[1586080748.572][SEVERE]: Timed out receiving message from renderer: 0.100
[1586080748.820][SEVERE]: Timed out receiving message from renderer: 0.100
[1586080748.931][SEVERE]: Timed out receiving message from renderer: 0.100
[1586080749.043][SEVERE]: Timed out receiving message from renderer: 0.100
[1586080749.149][SEVERE]: Timed out receiving message from renderer: 0.100
[1586080749.251][SEVERE]: Timed out receiving message from renderer: 0.100
[1586080749.355][SEVERE]: Timed out receiving message from renderer: 0.100
[1586080749.479][SEVERE]: Timed out receiving message from renderer: 0.100
[1586080749.596][SEVERE]: Timed out receiving message from renderer: 0.100
[1586080749.713][SEVERE]: Timed out receiving message from renderer: 0.100
[1586080749.822][SEVERE]: Timed out receiving message from renderer: 0.100
[1586080749.934][SEVERE]: Timed out receiving message from renderer: 0.100
[1586080750.051][SEVERE]: Timed out receiving message from renderer: 0.100
[1586080750.287][SEVERE]: Timed out receiving message from renderer: 0.100
[1586080750.404][SEVERE]: Timed out receiving message from renderer: 0.100
[1586080750.517][SEVERE]: Timed out receiving message from renderer: 0.100
[1586080750.620][SEVERE]: Timed out receiving message from renderer: 0.100
[1586080750.798][SEVERE]: Timed out receiving message from renderer: 0.100
[1586080750.929][SEVERE]: Timed out receiving message from renderer: 0.100
[1586080751.032][SEVERE]: Timed out receiving message from renderer: 0.100
[1586080751.136][SEVERE]: Timed out receiving message from renderer: 0.100
[1586080751.246][SEVERE]: Timed out receiving message from renderer: 0.100
[1586080751.371][SEVERE]: Timed out receiving message from renderer: 0.100
[1586080751.517][SEVERE]: Timed out receiving message from renderer: 0.100
[1586080751.781][SEVERE]: Timed out receiving message from renderer: 0.100
[1586080752.459][SEVERE]: Timed out receiving message from renderer: 0.100
[1586080752.582][SEVERE]: Timed out receiving message from renderer: 0.100
[1586080752.750][SEVERE]: Timed out receiving message from renderer: 0.100
[1586080752.875][SEVERE]: Timed out receiving message from renderer: 0.100
[1586080753.016][SEVERE]: Timed out receiving message from renderer: 0.100
[1586080753.148][SEVERE]: Timed out receiving message from renderer: 0.100
[1586080753.278][SEVERE]: Timed out receiving message from renderer: 0.100
[1586080753.413][SEVERE]: Timed out receiving message from renderer: 0.100
[1586080753.610][SEVERE]: Timed out receiving message from renderer: 0.100
[1586080753.779][SEVERE]: Timed out receiving message from renderer: 0.100
[1586080753.924][SEVERE]: Timed out receiving message from renderer: 0.100
[1586080754.087][SEVERE]: Timed out receiving message from renderer: 0.100
[1586080754.213][SEVERE]: Timed out receiving message from renderer: 0.100
[1586080754.390][SEVERE]: Timed out receiving message from renderer: 0.100
[1586080754.517][SEVERE]: Timed out receiving message from renderer: 0.100
[1586080754.646][SEVERE]: Timed out receiving message from renderer: 0.100
[1586080754.828][SEVERE]: Timed out receiving message from renderer: 0.100
[1586080754.937][SEVERE]: Timed out receiving message from renderer: 0.100
[1586080755.045][SEVERE]: Timed out receiving message from renderer: 0.100
[1586080755.153][SEVERE]: Timed out receiving message from renderer: 0.100
[1586080755.302][SEVERE]: Timed out receiving message from renderer: 0.100
[1586080755.464][SEVERE]: Timed out receiving message from renderer: 0.100
[1586080755.659][SEVERE]: Timed out receiving message from renderer: 0.100
[1586080755.874][SEVERE]: Timed out receiving message from renderer: 0.100
[1586080756.034][SEVERE]: Timed out receiving message from renderer: 0.100
[1586080756.240][SEVERE]: Timed out receiving message from renderer: 0.100
[1586080756.382][SEVERE]: Timed out receiving message from renderer: 0.100
[1586080756.543][SEVERE]: Timed out receiving message from renderer: 0.100
[1586080756.667][SEVERE]: Timed out receiving message from renderer: 0.100
[1586080756.784][SEVERE]: Timed out receiving message from renderer: 0.100
[1586080756.952][SEVERE]: Timed out receiving message from renderer: 0.100
[1586080757.116][SEVERE]: Timed out receiving message from renderer: 0.100
[1586080757.278][SEVERE]: Timed out receiving message from renderer: 0.100
[1586080757.395][SEVERE]: Timed out receiving message from renderer: 0.100
[1586080757.531][SEVERE]: Timed out receiving message from renderer: 0.100
[1586080764.507][WARNING]: Timed out connecting to Chrome, retrying...
[1586080768.507][WARNING]: Timed out connecting to Chrome, retrying...
[1586080778.524][WARNING]: Timed out connecting to Chrome, retrying...
[1586080782.525][WARNING]: Timed out connecting to Chrome, retrying...
[1586080792.545][WARNING]: Timed out connecting to Chrome, retrying...
[1586080796.546][WARNING]: Timed out connecting to Chrome, retrying...
[1586080806.575][WARNING]: Timed out connecting to Chrome, retrying...
[1586080810.576][WARNING]: Timed out connecting to Chrome, retrying...
]]></system-err>
  </testcase>
  <testcase name="i verify xperia mobile cost in the result page" classname="i verify xperia mobile cost in the result page" time="92.496">
    <error message="chrome not reachable&#10;  (Session info: chrome=80.0.3987.162)&#10;Build info: version: &apos;3.141.59&apos;, revision: &apos;e82be7d358&apos;, time: &apos;2018-11-14T08:17:03&apos;&#10;System info: host: &apos;FAIZUR&apos;, ip: &apos;192.168.43.103&apos;, os.name: &apos;Windows 10&apos;, os.arch: &apos;amd64&apos;, os.version: &apos;10.0&apos;, java.version: &apos;1.8.0_231&apos;&#10;Driver info: org.openqa.selenium.chrome.ChromeDriver&#10;Capabilities {acceptInsecureCerts: false, browserName: chrome, browserVersion: 80.0.3987.162, chrome: {chromedriverVersion: 80.0.3987.106 (f68069574609..., userDataDir: C:\Users\faizur\AppData\Loc...}, goog:chromeOptions: {debuggerAddress: localhost:51173}, javascriptEnabled: true, networkConnectionEnabled: false, pageLoadStrategy: normal, platform: WINDOWS, platformName: WINDOWS, proxy: Proxy(), setWindowRect: true, strictFileInteractability: false, timeouts: {implicit: 0, pageLoad: 300000, script: 30000}, unhandledPromptBehavior: dismiss and notify}&#10;Session ID: 0a55f2ca3c65f2d41ddf072db1f7fd7c&#10;*** Element info: {Using=xpath, value=//h2[contains(text(),&apos;This is demo site for&apos;)]}" type="org.openqa.selenium.WebDriverException">org.openqa.selenium.WebDriverException: 
chrome not reachable
  (Session info: chrome=80.0.3987.162)
Build info: version: '3.141.59', revision: 'e82be7d358', time: '2018-11-14T08:17:03'
System info: host: 'FAIZUR', ip: '192.168.43.103', os.name: 'Windows 10', os.arch: 'amd64', os.version: '10.0', java.version: '1.8.0_231'
Driver info: org.openqa.selenium.chrome.ChromeDriver
Capabilities {acceptInsecureCerts: false, browserName: chrome, browserVersion: 80.0.3987.162, chrome: {chromedriverVersion: 80.0.3987.106 (f68069574609..., userDataDir: C:\Users\faizur\AppData\Loc...}, goog:chromeOptions: {debuggerAddress: localhost:51173}, javascriptEnabled: true, networkConnectionEnabled: false, pageLoadStrategy: normal, platform: WINDOWS, platformName: WINDOWS, proxy: Proxy(), setWindowRect: true, strictFileInteractability: false, timeouts: {implicit: 0, pageLoad: 300000, script: 30000}, unhandledPromptBehavior: dismiss and notify}
Session ID: 0a55f2ca3c65f2d41ddf072db1f7fd7c
*** Element info: {Using=xpath, value=//h2[contains(text(),'This is demo site for')]}
</error>
    <system-out><![CDATA[.F------]]></system-out>
    <system-err><![CDATA[Starting ChromeDriver 80.0.3987.106 (f68069574609230cf9b635cd784cfb1bf81bb53a-refs/branch-heads/3987@{#882}) on port 43064
Only local connections are allowed.
Please protect ports used by ChromeDriver and related test frameworks to prevent access by malicious code.
[1586080709.067][WARNING]: Timed out connecting to Chrome, retrying...
Apr 05, 2020 3:28:31 PM org.openqa.selenium.remote.ProtocolHandshake createSession
INFO: Detected dialect: W3C
[1586080713.468][SEVERE]: Timed out receiving message from renderer: 0.100
[1586080713.571][SEVERE]: Timed out receiving message from renderer: 0.100
[1586080713.686][SEVERE]: Timed out receiving message from renderer: 0.100
[1586080713.790][SEVERE]: Timed out receiving message from renderer: 0.100
[1586080713.892][SEVERE]: Timed out receiving message from renderer: 0.100
[1586080713.994][SEVERE]: Timed out receiving message from renderer: 0.100
[1586080714.099][SEVERE]: Timed out receiving message from renderer: 0.100
[1586080714.204][SEVERE]: Timed out receiving message from renderer: 0.100
[1586080714.307][SEVERE]: Timed out receiving message from renderer: 0.100
[1586080714.409][SEVERE]: Timed out receiving message from renderer: 0.100
[1586080714.511][SEVERE]: Timed out receiving message from renderer: 0.100
[1586080714.624][SEVERE]: Timed out receiving message from renderer: 0.100
[1586080714.729][SEVERE]: Timed out receiving message from renderer: 0.100
[1586080714.839][SEVERE]: Timed out receiving message from renderer: 0.100
[1586080714.950][SEVERE]: Timed out receiving message from renderer: 0.100
[1586080715.055][SEVERE]: Timed out receiving message from renderer: 0.100
[1586080715.157][SEVERE]: Timed out receiving message from renderer: 0.100
[1586080715.260][SEVERE]: Timed out receiving message from renderer: 0.100
[1586080715.391][SEVERE]: Timed out receiving message from renderer: 0.100
[1586080715.500][SEVERE]: Timed out receiving message from renderer: 0.100
[1586080715.608][SEVERE]: Timed out receiving message from renderer: 0.100
[1586080715.717][SEVERE]: Timed out receiving message from renderer: 0.100
[1586080715.822][SEVERE]: Timed out receiving message from renderer: 0.100
[1586080715.926][SEVERE]: Timed out receiving message from renderer: 0.100
[1586080716.038][SEVERE]: Timed out receiving message from renderer: 0.100
[1586080716.144][SEVERE]: Timed out receiving message from renderer: 0.100
[1586080716.258][SEVERE]: Timed out receiving message from renderer: 0.100
[1586080716.360][SEVERE]: Timed out receiving message from renderer: 0.100
[1586080716.466][SEVERE]: Timed out receiving message from renderer: 0.100
[1586080716.584][SEVERE]: Timed out receiving message from renderer: 0.100
[1586080716.771][SEVERE]: Timed out receiving message from renderer: 0.100
[1586080716.875][SEVERE]: Timed out receiving message from renderer: 0.100
[1586080716.988][SEVERE]: Timed out receiving message from renderer: 0.100
[1586080717.090][SEVERE]: Timed out receiving message from renderer: 0.100
[1586080717.194][SEVERE]: Timed out receiving message from renderer: 0.100
[1586080717.302][SEVERE]: Timed out receiving message from renderer: 0.100
[1586080717.405][SEVERE]: Timed out receiving message from renderer: 0.100
[1586080717.526][SEVERE]: Timed out receiving message from renderer: 0.100
[1586080717.649][SEVERE]: Timed out receiving message from renderer: 0.100
[1586080717.761][SEVERE]: Timed out receiving message from renderer: 0.100
[1586080717.873][SEVERE]: Timed out receiving message from renderer: 0.100
[1586080718.003][SEVERE]: Timed out receiving message from renderer: 0.100
[1586080718.124][SEVERE]: Timed out receiving message from renderer: 0.100
[1586080718.240][SEVERE]: Timed out receiving message from renderer: 0.100
[1586080718.372][SEVERE]: Timed out receiving message from renderer: 0.100
[1586080718.887][SEVERE]: Timed out receiving message from renderer: 0.100
[1586080718.998][SEVERE]: Timed out receiving message from renderer: 0.100
[1586080719.107][SEVERE]: Timed out receiving message from renderer: 0.100
[1586080719.211][SEVERE]: Timed out receiving message from renderer: 0.100
[1586080719.321][SEVERE]: Timed out receiving message from renderer: 0.100
[1586080719.426][SEVERE]: Timed out receiving message from renderer: 0.100
[1586080719.536][SEVERE]: Timed out receiving message from renderer: 0.100
[1586080719.642][SEVERE]: Timed out receiving message from renderer: 0.100
[1586080719.747][SEVERE]: Timed out receiving message from renderer: 0.100
[1586080719.854][SEVERE]: Timed out receiving message from renderer: 0.100
[1586080719.958][SEVERE]: Timed out receiving message from renderer: 0.100
[1586080720.060][SEVERE]: Timed out receiving message from renderer: 0.100
[1586080720.177][SEVERE]: Timed out receiving message from renderer: 0.100
[1586080720.285][SEVERE]: Timed out receiving message from renderer: 0.100
[1586080720.389][SEVERE]: Timed out receiving message from renderer: 0.100
[1586080720.497][SEVERE]: Timed out receiving message from renderer: 0.100
[1586080720.601][SEVERE]: Timed out receiving message from renderer: 0.100
[1586080720.704][SEVERE]: Timed out receiving message from renderer: 0.100
[1586080720.807][SEVERE]: Timed out receiving message from renderer: 0.100
[1586080720.917][SEVERE]: Timed out receiving message from renderer: 0.100
[1586080721.022][SEVERE]: Timed out receiving message from renderer: 0.100
[1586080721.125][SEVERE]: Timed out receiving message from renderer: 0.100
[1586080721.227][SEVERE]: Timed out receiving message from renderer: 0.100
[1586080721.331][SEVERE]: Timed out receiving message from renderer: 0.100
[1586080721.434][SEVERE]: Timed out receiving message from renderer: 0.100
[1586080721.536][SEVERE]: Timed out receiving message from renderer: 0.100
[1586080721.640][SEVERE]: Timed out receiving message from renderer: 0.100
[1586080721.743][SEVERE]: Timed out receiving message from renderer: 0.100
[1586080721.853][SEVERE]: Timed out receiving message from renderer: 0.100
[1586080721.966][SEVERE]: Timed out receiving message from renderer: 0.100
[1586080722.074][SEVERE]: Timed out receiving message from renderer: 0.100
[1586080722.176][SEVERE]: Timed out receiving message from renderer: 0.100
[1586080722.283][SEVERE]: Timed out receiving message from renderer: 0.100
[1586080722.390][SEVERE]: Timed out receiving message from renderer: 0.100
[1586080722.492][SEVERE]: Timed out receiving message from renderer: 0.100
[1586080722.593][SEVERE]: Timed out receiving message from renderer: 0.100
[1586080722.697][SEVERE]: Timed out receiving message from renderer: 0.100
[1586080722.801][SEVERE]: Timed out receiving message from renderer: 0.100
[1586080722.903][SEVERE]: Timed out receiving message from renderer: 0.100
[1586080723.005][SEVERE]: Timed out receiving message from renderer: 0.100
[1586080723.107][SEVERE]: Timed out receiving message from renderer: 0.100
[1586080723.210][SEVERE]: Timed out receiving message from renderer: 0.100
[1586080723.316][SEVERE]: Timed out receiving message from renderer: 0.100
[1586080723.418][SEVERE]: Timed out receiving message from renderer: 0.100
[1586080723.525][SEVERE]: Timed out receiving message from renderer: 0.100
[1586080723.632][SEVERE]: Timed out receiving message from renderer: 0.100
[1586080723.738][SEVERE]: Timed out receiving message from renderer: 0.100
[1586080723.849][SEVERE]: Timed out receiving message from renderer: 0.100
[1586080723.954][SEVERE]: Timed out receiving message from renderer: 0.100
[1586080724.055][SEVERE]: Timed out receiving message from renderer: 0.100
[1586080724.157][SEVERE]: Timed out receiving message from renderer: 0.100
[1586080724.259][SEVERE]: Timed out receiving message from renderer: 0.100
[1586080724.366][SEVERE]: Timed out receiving message from renderer: 0.100
[1586080724.468][SEVERE]: Timed out receiving message from renderer: 0.100
[1586080724.570][SEVERE]: Timed out receiving message from renderer: 0.100
[1586080724.672][SEVERE]: Timed out receiving message from renderer: 0.100
[1586080724.773][SEVERE]: Timed out receiving message from renderer: 0.100
[1586080724.882][SEVERE]: Timed out receiving message from renderer: 0.100
[1586080724.999][SEVERE]: Timed out receiving message from renderer: 0.100
[1586080725.117][SEVERE]: Timed out receiving message from renderer: 0.100
[1586080725.235][SEVERE]: Timed out receiving message from renderer: 0.100
[1586080725.347][SEVERE]: Timed out receiving message from renderer: 0.100
[1586080725.450][SEVERE]: Timed out receiving message from renderer: 0.100
[1586080725.552][SEVERE]: Timed out receiving message from renderer: 0.100
[1586080725.654][SEVERE]: Timed out receiving message from renderer: 0.100
[1586080725.756][SEVERE]: Timed out receiving message from renderer: 0.100
[1586080725.859][SEVERE]: Timed out receiving message from renderer: 0.100
[1586080725.983][SEVERE]: Timed out receiving message from renderer: 0.100
[1586080726.098][SEVERE]: Timed out receiving message from renderer: 0.100
[1586080726.209][SEVERE]: Timed out receiving message from renderer: 0.100
[1586080726.318][SEVERE]: Timed out receiving message from renderer: 0.100
[1586080726.439][SEVERE]: Timed out receiving message from renderer: 0.100
[1586080726.564][SEVERE]: Timed out receiving message from renderer: 0.100
[1586080726.667][SEVERE]: Timed out receiving message from renderer: 0.100
[1586080726.773][SEVERE]: Timed out receiving message from renderer: 0.100
[1586080726.888][SEVERE]: Timed out receiving message from renderer: 0.100
[1586080727.030][SEVERE]: Timed out receiving message from renderer: 0.100
[1586080727.136][SEVERE]: Timed out receiving message from renderer: 0.100
[1586080727.250][SEVERE]: Timed out receiving message from renderer: 0.100
[1586080727.371][SEVERE]: Timed out receiving message from renderer: 0.100
[1586080727.485][SEVERE]: Timed out receiving message from renderer: 0.100
[1586080727.587][SEVERE]: Timed out receiving message from renderer: 0.100
[1586080727.689][SEVERE]: Timed out receiving message from renderer: 0.100
[1586080727.798][SEVERE]: Timed out receiving message from renderer: 0.100
[1586080727.904][SEVERE]: Timed out receiving message from renderer: 0.100
[1586080728.018][SEVERE]: Timed out receiving message from renderer: 0.100
[1586080728.130][SEVERE]: Timed out receiving message from renderer: 0.100
[1586080728.251][SEVERE]: Timed out receiving message from renderer: 0.100
[1586080728.365][SEVERE]: Timed out receiving message from renderer: 0.100
[1586080728.536][SEVERE]: Timed out receiving message from renderer: 0.100
[1586080728.643][SEVERE]: Timed out receiving message from renderer: 0.100
[1586080728.765][SEVERE]: Timed out receiving message from renderer: 0.100
[1586080728.876][SEVERE]: Timed out receiving message from renderer: 0.100
[1586080728.983][SEVERE]: Timed out receiving message from renderer: 0.100
[1586080729.118][SEVERE]: Timed out receiving message from renderer: 0.100
[1586080729.254][SEVERE]: Timed out receiving message from renderer: 0.100
[1586080729.368][SEVERE]: Timed out receiving message from renderer: 0.100
[1586080729.487][SEVERE]: Timed out receiving message from renderer: 0.100
[1586080729.597][SEVERE]: Timed out receiving message from renderer: 0.100
[1586080729.716][SEVERE]: Timed out receiving message from renderer: 0.100
[1586080729.830][SEVERE]: Timed out receiving message from renderer: 0.100
[1586080729.933][SEVERE]: Timed out receiving message from renderer: 0.100
[1586080730.040][SEVERE]: Timed out receiving message from renderer: 0.100
[1586080730.147][SEVERE]: Timed out receiving message from renderer: 0.100
[1586080730.250][SEVERE]: Timed out receiving message from renderer: 0.100
[1586080730.356][SEVERE]: Timed out receiving message from renderer: 0.100
[1586080730.483][SEVERE]: Timed out receiving message from renderer: 0.100
[1586080730.639][SEVERE]: Timed out receiving message from renderer: 0.100
[1586080730.775][SEVERE]: Timed out receiving message from renderer: 0.100
[1586080730.892][SEVERE]: Timed out receiving message from renderer: 0.100
[1586080731.016][SEVERE]: Timed out receiving message from renderer: 0.100
[1586080731.185][SEVERE]: Timed out receiving message from renderer: 0.100
[1586080731.298][SEVERE]: Timed out receiving message from renderer: 0.100
[1586080731.404][SEVERE]: Timed out receiving message from renderer: 0.100
[1586080731.513][SEVERE]: Timed out receiving message from renderer: 0.100
[1586080731.621][SEVERE]: Timed out receiving message from renderer: 0.100
[1586080731.754][SEVERE]: Timed out receiving message from renderer: 0.100
[1586080731.873][SEVERE]: Timed out receiving message from renderer: 0.100
[1586080732.034][SEVERE]: Timed out receiving message from renderer: 0.100
[1586080732.171][SEVERE]: Timed out receiving message from renderer: 0.100
[1586080732.296][SEVERE]: Timed out receiving message from renderer: 0.100
[1586080732.406][SEVERE]: Timed out receiving message from renderer: 0.100
[1586080732.546][SEVERE]: Timed out receiving message from renderer: 0.100
[1586080732.655][SEVERE]: Timed out receiving message from renderer: 0.100
[1586080732.762][SEVERE]: Timed out receiving message from renderer: 0.100
[1586080732.869][SEVERE]: Timed out receiving message from renderer: 0.100
[1586080732.981][SEVERE]: Timed out receiving message from renderer: 0.100
[1586080733.101][SEVERE]: Timed out receiving message from renderer: 0.100
[1586080733.204][SEVERE]: Timed out receiving message from renderer: 0.100
[1586080733.311][SEVERE]: Timed out receiving message from renderer: 0.100
[1586080733.424][SEVERE]: Timed out receiving message from renderer: 0.100
[1586080733.547][SEVERE]: Timed out receiving message from renderer: 0.100
[1586080733.939][SEVERE]: Timed out receiving message from renderer: 0.100
[1586080734.042][SEVERE]: Timed out receiving message from renderer: 0.100
[1586080734.157][SEVERE]: Timed out receiving message from renderer: 0.100
[1586080734.271][SEVERE]: Timed out receiving message from renderer: 0.100
[1586080734.390][SEVERE]: Timed out receiving message from renderer: 0.100
[1586080734.512][SEVERE]: Timed out receiving message from renderer: 0.100
[1586080734.638][SEVERE]: Timed out receiving message from renderer: 0.100
[1586080734.758][SEVERE]: Timed out receiving message from renderer: 0.100
[1586080734.865][SEVERE]: Timed out receiving message from renderer: 0.100
[1586080734.984][SEVERE]: Timed out receiving message from renderer: 0.100
[1586080735.089][SEVERE]: Timed out receiving message from renderer: 0.100
[1586080735.196][SEVERE]: Timed out receiving message from renderer: 0.100
[1586080735.305][SEVERE]: Timed out receiving message from renderer: 0.100
[1586080735.424][SEVERE]: Timed out receiving message from renderer: 0.100
[1586080735.532][SEVERE]: Timed out receiving message from renderer: 0.100
[1586080735.640][SEVERE]: Timed out receiving message from renderer: 0.100
[1586080735.753][SEVERE]: Timed out receiving message from renderer: 0.100
[1586080735.861][SEVERE]: Timed out receiving message from renderer: 0.100
[1586080735.965][SEVERE]: Timed out receiving message from renderer: 0.100
[1586080736.096][SEVERE]: Timed out receiving message from renderer: 0.100
[1586080736.217][SEVERE]: Timed out receiving message from renderer: 0.100
[1586080736.323][SEVERE]: Timed out receiving message from renderer: 0.100
[1586080736.432][SEVERE]: Timed out receiving message from renderer: 0.100
[1586080736.879][SEVERE]: Timed out receiving message from renderer: 0.100
[1586080737.017][SEVERE]: Timed out receiving message from renderer: 0.100
[1586080737.122][SEVERE]: Timed out receiving message from renderer: 0.100
[1586080737.271][SEVERE]: Timed out receiving message from renderer: 0.100
[1586080737.422][SEVERE]: Timed out receiving message from renderer: 0.100
[1586080737.532][SEVERE]: Timed out receiving message from renderer: 0.100
[1586080737.634][SEVERE]: Timed out receiving message from renderer: 0.100
[1586080737.740][SEVERE]: Timed out receiving message from renderer: 0.100
[1586080737.860][SEVERE]: Timed out receiving message from renderer: 0.100
[1586080737.970][SEVERE]: Timed out receiving message from renderer: 0.100
[1586080738.091][SEVERE]: Timed out receiving message from renderer: 0.100
[1586080738.218][SEVERE]: Timed out receiving message from renderer: 0.100
[1586080738.345][SEVERE]: Timed out receiving message from renderer: 0.100
[1586080738.464][SEVERE]: Timed out receiving message from renderer: 0.100
[1586080738.579][SEVERE]: Timed out receiving message from renderer: 0.100
[1586080738.681][SEVERE]: Timed out receiving message from renderer: 0.100
[1586080738.788][SEVERE]: Timed out receiving message from renderer: 0.100
[1586080738.889][SEVERE]: Timed out receiving message from renderer: 0.100
[1586080738.990][SEVERE]: Timed out receiving message from renderer: 0.100
[1586080739.102][SEVERE]: Timed out receiving message from renderer: 0.100
[1586080739.204][SEVERE]: Timed out receiving message from renderer: 0.100
[1586080739.305][SEVERE]: Timed out receiving message from renderer: 0.100
[1586080739.407][SEVERE]: Timed out receiving message from renderer: 0.100
[1586080739.511][SEVERE]: Timed out receiving message from renderer: 0.100
[1586080739.612][SEVERE]: Timed out receiving message from renderer: 0.100
[1586080739.713][SEVERE]: Timed out receiving message from renderer: 0.100
[1586080739.815][SEVERE]: Timed out receiving message from renderer: 0.100
[1586080739.916][SEVERE]: Timed out receiving message from renderer: 0.100
[1586080740.017][SEVERE]: Timed out receiving message from renderer: 0.100
[1586080740.121][SEVERE]: Timed out receiving message from renderer: 0.100
[1586080740.222][SEVERE]: Timed out receiving message from renderer: 0.100
[1586080740.329][SEVERE]: Timed out receiving message from renderer: 0.100
[1586080740.432][SEVERE]: Timed out receiving message from renderer: 0.100
[1586080740.536][SEVERE]: Timed out receiving message from renderer: 0.100
[1586080740.639][SEVERE]: Timed out receiving message from renderer: 0.100
[1586080740.747][SEVERE]: Timed out receiving message from renderer: 0.100
[1586080740.848][SEVERE]: Timed out receiving message from renderer: 0.100
[1586080740.949][SEVERE]: Timed out receiving message from renderer: 0.100
[1586080741.050][SEVERE]: Timed out receiving message from renderer: 0.100
[1586080741.151][SEVERE]: Timed out receiving message from renderer: 0.100
[1586080741.253][SEVERE]: Timed out receiving message from renderer: 0.100
[1586080741.354][SEVERE]: Timed out receiving message from renderer: 0.100
[1586080741.463][SEVERE]: Timed out receiving message from renderer: 0.100
[1586080741.570][SEVERE]: Timed out receiving message from renderer: 0.100
[1586080741.672][SEVERE]: Timed out receiving message from renderer: 0.100
[1586080741.782][SEVERE]: Timed out receiving message from renderer: 0.100
[1586080741.886][SEVERE]: Timed out receiving message from renderer: 0.100
[1586080742.000][SEVERE]: Timed out receiving message from renderer: 0.100
[1586080742.104][SEVERE]: Timed out receiving message from renderer: 0.100
[1586080742.206][SEVERE]: Timed out receiving message from renderer: 0.100
[1586080742.313][SEVERE]: Timed out receiving message from renderer: 0.100
[1586080742.417][SEVERE]: Timed out receiving message from renderer: 0.100
[1586080742.520][SEVERE]: Timed out receiving message from renderer: 0.100
[1586080742.665][SEVERE]: Timed out receiving message from renderer: 0.100
[1586080742.772][SEVERE]: Timed out receiving message from renderer: 0.100
[1586080742.897][SEVERE]: Timed out receiving message from renderer: 0.100
[1586080742.999][SEVERE]: Timed out receiving message from renderer: 0.100
[1586080743.101][SEVERE]: Timed out receiving message from renderer: 0.100
[1586080743.204][SEVERE]: Timed out receiving message from renderer: 0.100
[1586080743.315][SEVERE]: Timed out receiving message from renderer: 0.100
[1586080743.434][SEVERE]: Timed out receiving message from renderer: 0.100
[1586080743.548][SEVERE]: Timed out receiving message from renderer: 0.100
[1586080743.653][SEVERE]: Timed out receiving message from renderer: 0.100
[1586080743.757][SEVERE]: Timed out receiving message from renderer: 0.100
[1586080743.864][SEVERE]: Timed out receiving message from renderer: 0.100
[1586080743.968][SEVERE]: Timed out receiving message from renderer: 0.100
[1586080744.072][SEVERE]: Timed out receiving message from renderer: 0.100
[1586080744.180][SEVERE]: Timed out receiving message from renderer: 0.100
[1586080744.284][SEVERE]: Timed out receiving message from renderer: 0.100
[1586080744.389][SEVERE]: Timed out receiving message from renderer: 0.100
[1586080744.502][SEVERE]: Timed out receiving message from renderer: 0.100
[1586080744.622][SEVERE]: Timed out receiving message from renderer: 0.100
[1586080744.738][SEVERE]: Timed out receiving message from renderer: 0.100
[1586080744.852][SEVERE]: Timed out receiving message from renderer: 0.100
[1586080744.954][SEVERE]: Timed out receiving message from renderer: 0.100
[1586080745.071][SEVERE]: Timed out receiving message from renderer: 0.100
[1586080745.182][SEVERE]: Timed out receiving message from renderer: 0.100
[1586080745.285][SEVERE]: Timed out receiving message from renderer: 0.100
[1586080745.388][SEVERE]: Timed out receiving message from renderer: 0.100
[1586080745.498][SEVERE]: Timed out receiving message from renderer: 0.100
[1586080745.601][SEVERE]: Timed out receiving message from renderer: 0.100
[1586080745.704][SEVERE]: Timed out receiving message from renderer: 0.100
[1586080745.806][SEVERE]: Timed out receiving message from renderer: 0.100
[1586080745.913][SEVERE]: Timed out receiving message from renderer: 0.100
[1586080746.020][SEVERE]: Timed out receiving message from renderer: 0.100
[1586080746.184][SEVERE]: Timed out receiving message from renderer: 0.100
[1586080746.286][SEVERE]: Timed out receiving message from renderer: 0.100
[1586080746.397][SEVERE]: Timed out receiving message from renderer: 0.100
[1586080746.606][SEVERE]: Timed out receiving message from renderer: 0.100
[1586080746.720][SEVERE]: Timed out receiving message from renderer: 0.100
[1586080746.844][SEVERE]: Timed out receiving message from renderer: 0.100
[1586080746.947][SEVERE]: Timed out receiving message from renderer: 0.100
[1586080747.049][SEVERE]: Timed out receiving message from renderer: 0.100
[1586080747.152][SEVERE]: Timed out receiving message from renderer: 0.100
[1586080747.255][SEVERE]: Timed out receiving message from renderer: 0.100
[1586080747.365][SEVERE]: Timed out receiving message from renderer: 0.100
[1586080747.468][SEVERE]: Timed out receiving message from renderer: 0.100
[1586080747.571][SEVERE]: Timed out receiving message from renderer: 0.100
[1586080747.679][SEVERE]: Timed out receiving message from renderer: 0.100
[1586080747.784][SEVERE]: Timed out receiving message from renderer: 0.100
[1586080747.889][SEVERE]: Timed out receiving message from renderer: 0.100
[1586080747.994][SEVERE]: Timed out receiving message from renderer: 0.100
[1586080748.098][SEVERE]: Timed out receiving message from renderer: 0.100
[1586080748.201][SEVERE]: Timed out receiving message from renderer: 0.100
[1586080748.303][SEVERE]: Timed out receiving message from renderer: 0.100
[1586080748.416][SEVERE]: Timed out receiving message from renderer: 0.100
[1586080748.519][SEVERE]: Timed out receiving message from renderer: 0.100
[1586080748.698][SEVERE]: Timed out receiving message from renderer: 0.100
[1586080749.047][SEVERE]: Timed out receiving message from renderer: 0.100
[1586080749.149][SEVERE]: Timed out receiving message from renderer: 0.100
[1586080749.254][SEVERE]: Timed out receiving message from renderer: 0.100
[1586080749.368][SEVERE]: Timed out receiving message from renderer: 0.100
[1586080749.486][SEVERE]: Timed out receiving message from renderer: 0.100
[1586080749.597][SEVERE]: Timed out receiving message from renderer: 0.100
[1586080749.714][SEVERE]: Timed out receiving message from renderer: 0.100
[1586080749.828][SEVERE]: Timed out receiving message from renderer: 0.100
[1586080749.935][SEVERE]: Timed out receiving message from renderer: 0.100
[1586080750.102][SEVERE]: Timed out receiving message from renderer: 0.100
[1586080750.286][SEVERE]: Timed out receiving message from renderer: 0.100
[1586080750.421][SEVERE]: Timed out receiving message from renderer: 0.100
[1586080750.529][SEVERE]: Timed out receiving message from renderer: 0.100
[1586080750.635][SEVERE]: Timed out receiving message from renderer: 0.100
[1586080750.800][SEVERE]: Timed out receiving message from renderer: 0.100
[1586080750.930][SEVERE]: Timed out receiving message from renderer: 0.100
[1586080751.033][SEVERE]: Timed out receiving message from renderer: 0.100
[1586080751.138][SEVERE]: Timed out receiving message from renderer: 0.100
[1586080751.246][SEVERE]: Timed out receiving message from renderer: 0.100
[1586080751.369][SEVERE]: Timed out receiving message from renderer: 0.100
[1586080751.517][SEVERE]: Timed out receiving message from renderer: 0.100
[1586080751.780][SEVERE]: Timed out receiving message from renderer: 0.100
[1586080752.272][SEVERE]: Timed out receiving message from renderer: 0.100
[1586080752.443][SEVERE]: Timed out receiving message from renderer: 0.100
[1586080752.580][SEVERE]: Timed out receiving message from renderer: 0.100
]]></system-err>
  </testcase>
</testsuite>