<?xml version="1.0" encoding="UTF-8"?>
<testsuite xmlns:xsi="http://www.w3.org/2001/XMLSchema-instance" xsi:noNamespaceSchemaLocation="https://maven.apache.org/surefire/maven-surefire-plugin/xsd/surefire-test-report.xsd" name="i verify user can compare 2 selected products" time="106.501" tests="1" errors="1" skipped="0" failures="0">
  <properties>
    <property name="sun.desktop" value="windows"/>
    <property name="awt.toolkit" value="sun.awt.windows.WToolkit"/>
    <property name="file.encoding.pkg" value="sun.io"/>
    <property name="java.specification.version" value="1.8"/>
    <property name="webdriver.chrome.driver" value="C:\Users\faizur\.m2\repository\webdriver\chromedriver\win32\80.0.3987.106\chromedriver.exe"/>
    <property name="sun.cpu.isalist" value="amd64"/>
    <property name="sun.jnu.encoding" value="Cp1252"/>
    <property name="java.class.path" value="C:\Users\faizur\eclipse-cucumberr\Guru99Ecom\target\test-classes;C:\Users\faizur\eclipse-cucumberr\Guru99Ecom\target\classes;C:\Users\faizur\.m2\repository\org\seleniumhq\selenium\selenium-java\3.141.59\selenium-java-3.141.59.jar;C:\Users\faizur\.m2\repository\org\seleniumhq\selenium\selenium-api\3.141.59\selenium-api-3.141.59.jar;C:\Users\faizur\.m2\repository\org\seleniumhq\selenium\selenium-chrome-driver\3.141.59\selenium-chrome-driver-3.141.59.jar;C:\Users\faizur\.m2\repository\org\seleniumhq\selenium\selenium-edge-driver\3.141.59\selenium-edge-driver-3.141.59.jar;C:\Users\faizur\.m2\repository\org\seleniumhq\selenium\selenium-firefox-driver\3.141.59\selenium-firefox-driver-3.141.59.jar;C:\Users\faizur\.m2\repository\org\seleniumhq\selenium\selenium-ie-driver\3.141.59\selenium-ie-driver-3.141.59.jar;C:\Users\faizur\.m2\repository\org\seleniumhq\selenium\selenium-opera-driver\3.141.59\selenium-opera-driver-3.141.59.jar;C:\Users\faizur\.m2\repository\org\seleniumhq\selenium\selenium-remote-driver\3.141.59\selenium-remote-driver-3.141.59.jar;C:\Users\faizur\.m2\repository\org\seleniumhq\selenium\selenium-safari-driver\3.141.59\selenium-safari-driver-3.141.59.jar;C:\Users\faizur\.m2\repository\org\seleniumhq\selenium\selenium-support\3.141.59\selenium-support-3.141.59.jar;C:\Users\faizur\.m2\repository\net\bytebuddy\byte-buddy\1.8.15\byte-buddy-1.8.15.jar;C:\Users\faizur\.m2\repository\org\apache\commons\commons-exec\1.3\commons-exec-1.3.jar;C:\Users\faizur\.m2\repository\com\google\guava\guava\25.0-jre\guava-25.0-jre.jar;C:\Users\faizur\.m2\repository\com\google\code\findbugs\jsr305\1.3.9\jsr305-1.3.9.jar;C:\Users\faizur\.m2\repository\org\checkerframework\checker-compat-qual\2.0.0\checker-compat-qual-2.0.0.jar;C:\Users\faizur\.m2\repository\com\google\errorprone\error_prone_annotations\2.1.3\error_prone_annotations-2.1.3.jar;C:\Users\faizur\.m2\repository\com\google\j2objc\j2objc-annotations\1.1\j2objc-annotations-1.1.jar;C:\Users\faizur\.m2\repository\org\codehaus\mojo\animal-sniffer-annotations\1.14\animal-sniffer-annotations-1.14.jar;C:\Users\faizur\.m2\repository\com\squareup\okhttp3\okhttp\3.11.0\okhttp-3.11.0.jar;C:\Users\faizur\.m2\repository\com\squareup\okio\okio\1.14.0\okio-1.14.0.jar;C:\Users\faizur\.m2\repository\io\github\bonigarcia\webdrivermanager\3.7.1\webdrivermanager-3.7.1.jar;C:\Users\faizur\.m2\repository\org\slf4j\slf4j-api\1.7.25\slf4j-api-1.7.25.jar;C:\Users\faizur\.m2\repository\commons-io\commons-io\2.6\commons-io-2.6.jar;C:\Users\faizur\.m2\repository\com\google\code\gson\gson\2.8.5\gson-2.8.5.jar;C:\Users\faizur\.m2\repository\org\apache\commons\commons-lang3\3.8.1\commons-lang3-3.8.1.jar;C:\Users\faizur\.m2\repository\org\apache\httpcomponents\httpclient\4.5.6\httpclient-4.5.6.jar;C:\Users\faizur\.m2\repository\org\apache\httpcomponents\httpcore\4.4.10\httpcore-4.4.10.jar;C:\Users\faizur\.m2\repository\commons-logging\commons-logging\1.2\commons-logging-1.2.jar;C:\Users\faizur\.m2\repository\commons-codec\commons-codec\1.10\commons-codec-1.10.jar;C:\Users\faizur\.m2\repository\org\rauschig\jarchivelib\1.0.0\jarchivelib-1.0.0.jar;C:\Users\faizur\.m2\repository\org\apache\commons\commons-compress\1.18\commons-compress-1.18.jar;C:\Users\faizur\.m2\repository\org\jsoup\jsoup\1.11.3\jsoup-1.11.3.jar;C:\Users\faizur\.m2\repository\io\cucumber\cucumber-java\4.2.0\cucumber-java-4.2.0.jar;C:\Users\faizur\.m2\repository\io\cucumber\cucumber-core\4.2.0\cucumber-core-4.2.0.jar;C:\Users\faizur\.m2\repository\io\cucumber\cucumber-html\0.2.7\cucumber-html-0.2.7.jar;C:\Users\faizur\.m2\repository\io\cucumber\gherkin\5.1.0\gherkin-5.1.0.jar;C:\Users\faizur\.m2\repository\io\cucumber\tag-expressions\1.1.1\tag-expressions-1.1.1.jar;C:\Users\faizur\.m2\repository\io\cucumber\cucumber-expressions\6.2.0\cucumber-expressions-6.2.0.jar;C:\Users\faizur\.m2\repository\io\cucumber\datatable\1.1.7\datatable-1.1.7.jar;C:\Users\faizur\.m2\repository\io\cucumber\datatable-dependencies\1.1.7\datatable-dependencies-1.1.7.jar;C:\Users\faizur\.m2\repository\io\cucumber\cucumber-junit\4.2.0\cucumber-junit-4.2.0.jar;C:\Users\faizur\.m2\repository\junit\junit\4.12\junit-4.12.jar;C:\Users\faizur\.m2\repository\org\hamcrest\hamcrest-core\1.3\hamcrest-core-1.3.jar;"/>
    <property name="java.vm.vendor" value="Oracle Corporation"/>
    <property name="sun.arch.data.model" value="64"/>
    <property name="user.variant" value=""/>
    <property name="java.vendor.url" value="http://java.oracle.com/"/>
    <property name="user.timezone" value="Asia/Calcutta"/>
    <property name="java.vm.specification.version" value="1.8"/>
    <property name="os.name" value="Windows 10"/>
    <property name="user.country" value="US"/>
    <property name="sun.java.launcher" value="SUN_STANDARD"/>
    <property name="sun.boot.library.path" value="C:\Program Files\Java\jre1.8.0_231\bin"/>
    <property name="sun.java.command" value="C:\Users\faizur\AppData\Local\Temp\surefire8790668754702809874\surefirebooter1445797974867971622.jar C:\Users\faizur\AppData\Local\Temp\surefire8790668754702809874 2020-04-05T15-28-12_874-jvmRun1 surefire4205972990558534452tmp surefire_05831344615256810552tmp"/>
    <property name="surefire.test.class.path" value="C:\Users\faizur\eclipse-cucumberr\Guru99Ecom\target\test-classes;C:\Users\faizur\eclipse-cucumberr\Guru99Ecom\target\classes;C:\Users\faizur\.m2\repository\org\seleniumhq\selenium\selenium-java\3.141.59\selenium-java-3.141.59.jar;C:\Users\faizur\.m2\repository\org\seleniumhq\selenium\selenium-api\3.141.59\selenium-api-3.141.59.jar;C:\Users\faizur\.m2\repository\org\seleniumhq\selenium\selenium-chrome-driver\3.141.59\selenium-chrome-driver-3.141.59.jar;C:\Users\faizur\.m2\repository\org\seleniumhq\selenium\selenium-edge-driver\3.141.59\selenium-edge-driver-3.141.59.jar;C:\Users\faizur\.m2\repository\org\seleniumhq\selenium\selenium-firefox-driver\3.141.59\selenium-firefox-driver-3.141.59.jar;C:\Users\faizur\.m2\repository\org\seleniumhq\selenium\selenium-ie-driver\3.141.59\selenium-ie-driver-3.141.59.jar;C:\Users\faizur\.m2\repository\org\seleniumhq\selenium\selenium-opera-driver\3.141.59\selenium-opera-driver-3.141.59.jar;C:\Users\faizur\.m2\repository\org\seleniumhq\selenium\selenium-remote-driver\3.141.59\selenium-remote-driver-3.141.59.jar;C:\Users\faizur\.m2\repository\org\seleniumhq\selenium\selenium-safari-driver\3.141.59\selenium-safari-driver-3.141.59.jar;C:\Users\faizur\.m2\repository\org\seleniumhq\selenium\selenium-support\3.141.59\selenium-support-3.141.59.jar;C:\Users\faizur\.m2\repository\net\bytebuddy\byte-buddy\1.8.15\byte-buddy-1.8.15.jar;C:\Users\faizur\.m2\repository\org\apache\commons\commons-exec\1.3\commons-exec-1.3.jar;C:\Users\faizur\.m2\repository\com\google\guava\guava\25.0-jre\guava-25.0-jre.jar;C:\Users\faizur\.m2\repository\com\google\code\findbugs\jsr305\1.3.9\jsr305-1.3.9.jar;C:\Users\faizur\.m2\repository\org\checkerframework\checker-compat-qual\2.0.0\checker-compat-qual-2.0.0.jar;C:\Users\faizur\.m2\repository\com\google\errorprone\error_prone_annotations\2.1.3\error_prone_annotations-2.1.3.jar;C:\Users\faizur\.m2\repository\com\google\j2objc\j2objc-annotations\1.1\j2objc-annotations-1.1.jar;C:\Users\faizur\.m2\repository\org\codehaus\mojo\animal-sniffer-annotations\1.14\animal-sniffer-annotations-1.14.jar;C:\Users\faizur\.m2\repository\com\squareup\okhttp3\okhttp\3.11.0\okhttp-3.11.0.jar;C:\Users\faizur\.m2\repository\com\squareup\okio\okio\1.14.0\okio-1.14.0.jar;C:\Users\faizur\.m2\repository\io\github\bonigarcia\webdrivermanager\3.7.1\webdrivermanager-3.7.1.jar;C:\Users\faizur\.m2\repository\org\slf4j\slf4j-api\1.7.25\slf4j-api-1.7.25.jar;C:\Users\faizur\.m2\repository\commons-io\commons-io\2.6\commons-io-2.6.jar;C:\Users\faizur\.m2\repository\com\google\code\gson\gson\2.8.5\gson-2.8.5.jar;C:\Users\faizur\.m2\repository\org\apache\commons\commons-lang3\3.8.1\commons-lang3-3.8.1.jar;C:\Users\faizur\.m2\repository\org\apache\httpcomponents\httpclient\4.5.6\httpclient-4.5.6.jar;C:\Users\faizur\.m2\repository\org\apache\httpcomponents\httpcore\4.4.10\httpcore-4.4.10.jar;C:\Users\faizur\.m2\repository\commons-logging\commons-logging\1.2\commons-logging-1.2.jar;C:\Users\faizur\.m2\repository\commons-codec\commons-codec\1.10\commons-codec-1.10.jar;C:\Users\faizur\.m2\repository\org\rauschig\jarchivelib\1.0.0\jarchivelib-1.0.0.jar;C:\Users\faizur\.m2\repository\org\apache\commons\commons-compress\1.18\commons-compress-1.18.jar;C:\Users\faizur\.m2\repository\org\jsoup\jsoup\1.11.3\jsoup-1.11.3.jar;C:\Users\faizur\.m2\repository\io\cucumber\cucumber-java\4.2.0\cucumber-java-4.2.0.jar;C:\Users\faizur\.m2\repository\io\cucumber\cucumber-core\4.2.0\cucumber-core-4.2.0.jar;C:\Users\faizur\.m2\repository\io\cucumber\cucumber-html\0.2.7\cucumber-html-0.2.7.jar;C:\Users\faizur\.m2\repository\io\cucumber\gherkin\5.1.0\gherkin-5.1.0.jar;C:\Users\faizur\.m2\repository\io\cucumber\tag-expressions\1.1.1\tag-expressions-1.1.1.jar;C:\Users\faizur\.m2\repository\io\cucumber\cucumber-expressions\6.2.0\cucumber-expressions-6.2.0.jar;C:\Users\faizur\.m2\repository\io\cucumber\datatable\1.1.7\datatable-1.1.7.jar;C:\Users\faizur\.m2\repository\io\cucumber\datatable-dependencies\1.1.7\datatable-dependencies-1.1.7.jar;C:\Users\faizur\.m2\repository\io\cucumber\cucumber-junit\4.2.0\cucumber-junit-4.2.0.jar;C:\Users\faizur\.m2\repository\junit\junit\4.12\junit-4.12.jar;C:\Users\faizur\.m2\repository\org\hamcrest\hamcrest-core\1.3\hamcrest-core-1.3.jar;"/>
    <property name="sun.cpu.endian" value="little"/>
    <property name="user.home" value="C:\Users\faizur"/>
    <property name="user.language" value="en"/>
    <property name="java.specification.vendor" value="Oracle Corporation"/>
    <property name="java.home" value="C:\Program Files\Java\jre1.8.0_231"/>
    <property name="basedir" value="C:\Users\faizur\eclipse-cucumberr\Guru99Ecom"/>
    <property name="file.separator" value="\"/>
    <property name="line.separator" value="&#10;"/>
    <property name="java.vm.specification.vendor" value="Oracle Corporation"/>
    <property name="java.specification.name" value="Java Platform API Specification"/>
    <property name="java.awt.graphicsenv" value="sun.awt.Win32GraphicsEnvironment"/>
    <property name="surefire.real.class.path" value="C:\Users\faizur\AppData\Local\Temp\surefire8790668754702809874\surefirebooter1445797974867971622.jar"/>
    <property name="sun.boot.class.path" value="C:\Program Files\Java\jre1.8.0_231\lib\resources.jar;C:\Program Files\Java\jre1.8.0_231\lib\rt.jar;C:\Program Files\Java\jre1.8.0_231\lib\sunrsasign.jar;C:\Program Files\Java\jre1.8.0_231\lib\jsse.jar;C:\Program Files\Java\jre1.8.0_231\lib\jce.jar;C:\Program Files\Java\jre1.8.0_231\lib\charsets.jar;C:\Program Files\Java\jre1.8.0_231\lib\jfr.jar;C:\Program Files\Java\jre1.8.0_231\classes"/>
    <property name="user.script" value=""/>
    <property name="sun.management.compiler" value="HotSpot 64-Bit Tiered Compilers"/>
    <property name="java.runtime.version" value="1.8.0_231-b11"/>
    <property name="user.name" value="faizur"/>
    <property name="path.separator" value=";"/>
    <property name="os.version" value="10.0"/>
    <property name="java.endorsed.dirs" value="C:\Program Files\Java\jre1.8.0_231\lib\endorsed"/>
    <property name="java.runtime.name" value="Java(TM) SE Runtime Environment"/>
    <property name="file.encoding" value="Cp1252"/>
    <property name="java.vm.name" value="Java HotSpot(TM) 64-Bit Server VM"/>
    <property name="localRepository" value="C:\Users\faizur\.m2\repository"/>
    <property name="java.vendor.url.bug" value="http://bugreport.sun.com/bugreport/"/>
    <property name="java.io.tmpdir" value="C:\Users\faizur\AppData\Local\Temp\"/>
    <property name="java.version" value="1.8.0_231"/>
    <property name="user.dir" value="C:\Users\faizur\eclipse-cucumberr\Guru99Ecom"/>
    <property name="os.arch" value="amd64"/>
    <property name="java.vm.specification.name" value="Java Virtual Machine Specification"/>
    <property name="java.awt.printerjob" value="sun.awt.windows.WPrinterJob"/>
    <property name="sun.os.patch.level" value=""/>
    <property name="java.library.path" value="C:\Program Files\Java\jre1.8.0_231\bin;C:\WINDOWS\Sun\Java\bin;C:\WINDOWS\system32;C:\WINDOWS;C:/Program Files/Java/jre1.8.0_231/bin/server;C:/Program Files/Java/jre1.8.0_231/bin;C:/Program Files/Java/jre1.8.0_231/lib/amd64;C:\oraclexe\app\oracle\product\10.2.0\server\bin;C:\Program Files (x86)\Common Files\Oracle\Java\javapath;C:\WINDOWS\system32;C:\WINDOWS;C:\WINDOWS\System32\Wbem;C:\WINDOWS\System32\WindowsPowerShell\v1.0\;C:\Program Files (x86)\Common Files\lenovo\easyplussdk\bin;C:\Program Files\Git\cmd;C:\Program Files\apache-maven-3.6.3\bin;C:\WINDOWS\System32\OpenSSH\;C:\Program Files\nodejs\;C:\Program Files\Java\jdk1.8.0_231\bin;C:\Users\faizur\AppData\Local\Microsoft\WindowsApps;C:\Users\faizur\AppData\Roaming\npm;C:\Users\faizur\Downloads\eclipse;;."/>
    <property name="java.vm.info" value="mixed mode"/>
    <property name="java.vendor" value="Oracle Corporation"/>
    <property name="java.vm.version" value="25.231-b11"/>
    <property name="java.ext.dirs" value="C:\Program Files\Java\jre1.8.0_231\lib\ext;C:\WINDOWS\Sun\Java\lib\ext"/>
    <property name="sun.io.unicode.encoding" value="UnicodeLittle"/>
    <property name="java.class.version" value="52.0"/>
  </properties>
  <testcase name="i verify user can compare 2 mobiles" classname="i verify user can compare 2 selected products" time="106.501">
    <error message="chrome not reachable&#10;  (Session info: chrome=80.0.3987.162)&#10;Build info: version: &apos;3.141.59&apos;, revision: &apos;e82be7d358&apos;, time: &apos;2018-11-14T08:17:03&apos;&#10;System info: host: &apos;FAIZUR&apos;, ip: &apos;192.168.43.103&apos;, os.name: &apos;Windows 10&apos;, os.arch: &apos;amd64&apos;, os.version: &apos;10.0&apos;, java.version: &apos;1.8.0_231&apos;&#10;Driver info: org.openqa.selenium.chrome.ChromeDriver&#10;Capabilities {acceptInsecureCerts: false, browserName: chrome, browserVersion: 80.0.3987.162, chrome: {chromedriverVersion: 80.0.3987.106 (f68069574609..., userDataDir: C:\Users\faizur\AppData\Loc...}, goog:chromeOptions: {debuggerAddress: localhost:51173}, javascriptEnabled: true, networkConnectionEnabled: false, pageLoadStrategy: normal, platform: WINDOWS, platformName: WINDOWS, proxy: Proxy(), setWindowRect: true, strictFileInteractability: false, timeouts: {implicit: 0, pageLoad: 300000, script: 30000}, unhandledPromptBehavior: dismiss and notify}&#10;Session ID: 0a55f2ca3c65f2d41ddf072db1f7fd7c&#10;*** Element info: {Using=xpath, value=//h2[contains(text(),&apos;This is demo site for&apos;)]}" type="org.openqa.selenium.WebDriverException">org.openqa.selenium.WebDriverException: 
chrome not reachable
  (Session info: chrome=80.0.3987.162)
Build info: version: '3.141.59', revision: 'e82be7d358', time: '2018-11-14T08:17:03'
System info: host: 'FAIZUR', ip: '192.168.43.103', os.name: 'Windows 10', os.arch: 'amd64', os.version: '10.0', java.version: '1.8.0_231'
Driver info: org.openqa.selenium.chrome.ChromeDriver
Capabilities {acceptInsecureCerts: false, browserName: chrome, browserVersion: 80.0.3987.162, chrome: {chromedriverVersion: 80.0.3987.106 (f68069574609..., userDataDir: C:\Users\faizur\AppData\Loc...}, goog:chromeOptions: {debuggerAddress: localhost:51173}, javascriptEnabled: true, networkConnectionEnabled: false, pageLoadStrategy: normal, platform: WINDOWS, platformName: WINDOWS, proxy: Proxy(), setWindowRect: true, strictFileInteractability: false, timeouts: {implicit: 0, pageLoad: 300000, script: 30000}, unhandledPromptBehavior: dismiss and notify}
Session ID: 0a55f2ca3c65f2d41ddf072db1f7fd7c
*** Element info: {Using=xpath, value=//h2[contains(text(),'This is demo site for')]}
</error>
    <system-out><![CDATA[
Failed scenarios:
src/test/resources/features/HomePage.feature:13 # i verify mobile r sorted according to the names
src/test/resources/features/compareMobile.feature:15 # i verify user can compare 2 mobiles
src/test/resources/features/quantityverify.feature:3 # i verify xperia mobile cost in the result page
src/test/resources/features/xperiaPriceVerify.feature:3 # i verify xperia mobile cost in the result page

4 Scenarios (4 failed)
32 Steps (4 failed, 24 skipped, 4 passed)
2m1.627s

org.openqa.selenium.WebDriverException: chrome not reachable
  (Session info: chrome=80.0.3987.162)
Build info: version: '3.141.59', revision: 'e82be7d358', time: '2018-11-14T08:17:03'
System info: host: 'FAIZUR', ip: '192.168.43.103', os.name: 'Windows 10', os.arch: 'amd64', os.version: '10.0', java.version: '1.8.0_231'
Driver info: org.openqa.selenium.chrome.ChromeDriver
Capabilities {acceptInsecureCerts: false, browserName: chrome, browserVersion: 80.0.3987.162, chrome: {chromedriverVersion: 80.0.3987.106 (f68069574609..., userDataDir: C:\Users\faizur\AppData\Loc...}, goog:chromeOptions: {debuggerAddress: localhost:51173}, javascriptEnabled: true, networkConnectionEnabled: false, pageLoadStrategy: normal, platform: WINDOWS, platformName: WINDOWS, proxy: Proxy(), setWindowRect: true, strictFileInteractability: false, timeouts: {implicit: 0, pageLoad: 300000, script: 30000}, unhandledPromptBehavior: dismiss and notify}
Session ID: 0a55f2ca3c65f2d41ddf072db1f7fd7c
*** Element info: {Using=xpath, value=//h2[contains(text(),'This is demo site for')]}
	at sun.reflect.NativeConstructorAccessorImpl.newInstance0(Native Method)
	at sun.reflect.NativeConstructorAccessorImpl.newInstance(Unknown Source)
	at sun.reflect.DelegatingConstructorAccessorImpl.newInstance(Unknown Source)
	at java.lang.reflect.Constructor.newInstance(Unknown Source)
	at org.openqa.selenium.remote.http.W3CHttpResponseCodec.createException(W3CHttpResponseCodec.java:187)
	at org.openqa.selenium.remote.http.W3CHttpResponseCodec.decode(W3CHttpResponseCodec.java:122)
	at org.openqa.selenium.remote.http.W3CHttpResponseCodec.decode(W3CHttpResponseCodec.java:49)
	at org.openqa.selenium.remote.HttpCommandExecutor.execute(HttpCommandExecutor.java:158)
	at org.openqa.selenium.remote.service.DriverCommandExecutor.execute(DriverCommandExecutor.java:83)
	at org.openqa.selenium.remote.RemoteWebDriver.execute(RemoteWebDriver.java:552)
	at org.openqa.selenium.remote.RemoteWebDriver.findElement(RemoteWebDriver.java:323)
	at org.openqa.selenium.remote.RemoteWebDriver.findElementByXPath(RemoteWebDriver.java:428)
	at org.openqa.selenium.By$ByXPath.findElement(By.java:353)
	at org.openqa.selenium.remote.RemoteWebDriver.findElement(RemoteWebDriver.java:315)
	at org.openqa.selenium.support.pagefactory.DefaultElementLocator.findElement(DefaultElementLocator.java:69)
	at org.openqa.selenium.support.pagefactory.internal.LocatingElementHandler.invoke(LocatingElementHandler.java:38)
	at com.sun.proxy.$Proxy16.getText(Unknown Source)
	at com.base.LibGlobal.getTextt(LibGlobal.java:48)
	at com.stepdefinition.PhoneSortStep.i_verify_user_is_on_home_page(PhoneSortStep.java:28)
	at ?.i verify user is on home page(src/test/resources/features/HomePage.feature:5)

org.openqa.selenium.WebDriverException: chrome not reachable
  (Session info: chrome=80.0.3987.162)
Build info: version: '3.141.59', revision: 'e82be7d358', time: '2018-11-14T08:17:03'
System info: host: 'FAIZUR', ip: '192.168.43.103', os.name: 'Windows 10', os.arch: 'amd64', os.version: '10.0', java.version: '1.8.0_231'
Driver info: org.openqa.selenium.chrome.ChromeDriver
Capabilities {acceptInsecureCerts: false, browserName: chrome, browserVersion: 80.0.3987.162, chrome: {chromedriverVersion: 80.0.3987.106 (f68069574609..., userDataDir: C:\Users\faizur\AppData\Loc...}, goog:chromeOptions: {debuggerAddress: localhost:51173}, javascriptEnabled: true, networkConnectionEnabled: false, pageLoadStrategy: normal, platform: WINDOWS, platformName: WINDOWS, proxy: Proxy(), setWindowRect: true, strictFileInteractability: false, timeouts: {implicit: 0, pageLoad: 300000, script: 30000}, unhandledPromptBehavior: dismiss and notify}
Session ID: 0a55f2ca3c65f2d41ddf072db1f7fd7c
*** Element info: {Using=xpath, value=//h2[contains(text(),'This is demo site for')]}
	at sun.reflect.NativeConstructorAccessorImpl.newInstance0(Native Method)
	at sun.reflect.NativeConstructorAccessorImpl.newInstance(Unknown Source)
	at sun.reflect.DelegatingConstructorAccessorImpl.newInstance(Unknown Source)
	at java.lang.reflect.Constructor.newInstance(Unknown Source)
	at org.openqa.selenium.remote.http.W3CHttpResponseCodec.createException(W3CHttpResponseCodec.java:187)
	at org.openqa.selenium.remote.http.W3CHttpResponseCodec.decode(W3CHttpResponseCodec.java:122)
	at org.openqa.selenium.remote.http.W3CHttpResponseCodec.decode(W3CHttpResponseCodec.java:49)
	at org.openqa.selenium.remote.HttpCommandExecutor.execute(HttpCommandExecutor.java:158)
	at org.openqa.selenium.remote.service.DriverCommandExecutor.execute(DriverCommandExecutor.java:83)
	at org.openqa.selenium.remote.RemoteWebDriver.execute(RemoteWebDriver.java:552)
	at org.openqa.selenium.remote.RemoteWebDriver.findElement(RemoteWebDriver.java:323)
	at org.openqa.selenium.remote.RemoteWebDriver.findElementByXPath(RemoteWebDriver.java:428)
	at org.openqa.selenium.By$ByXPath.findElement(By.java:353)
	at org.openqa.selenium.remote.RemoteWebDriver.findElement(RemoteWebDriver.java:315)
	at org.openqa.selenium.support.pagefactory.DefaultElementLocator.findElement(DefaultElementLocator.java:69)
	at org.openqa.selenium.support.pagefactory.internal.LocatingElementHandler.invoke(LocatingElementHandler.java:38)
	at com.sun.proxy.$Proxy16.getText(Unknown Source)
	at com.base.LibGlobal.getTextt(LibGlobal.java:48)
	at com.stepdefinition.PhoneSortStep.i_verify_user_is_on_home_page(PhoneSortStep.java:28)
	at ?.i verify user is on home page(src/test/resources/features/compareMobile.feature:5)

org.openqa.selenium.WebDriverException: chrome not reachable
  (Session info: chrome=80.0.3987.162)
Build info: version: '3.141.59', revision: 'e82be7d358', time: '2018-11-14T08:17:03'
System info: host: 'FAIZUR', ip: '192.168.43.103', os.name: 'Windows 10', os.arch: 'amd64', os.version: '10.0', java.version: '1.8.0_231'
Driver info: org.openqa.selenium.chrome.ChromeDriver
Capabilities {acceptInsecureCerts: false, browserName: chrome, browserVersion: 80.0.3987.162, chrome: {chromedriverVersion: 80.0.3987.106 (f68069574609..., userDataDir: C:\Users\faizur\AppData\Loc...}, goog:chromeOptions: {debuggerAddress: localhost:51173}, javascriptEnabled: true, networkConnectionEnabled: false, pageLoadStrategy: normal, platform: WINDOWS, platformName: WINDOWS, proxy: Proxy(), setWindowRect: true, strictFileInteractability: false, timeouts: {implicit: 0, pageLoad: 300000, script: 30000}, unhandledPromptBehavior: dismiss and notify}
Session ID: 0a55f2ca3c65f2d41ddf072db1f7fd7c
*** Element info: {Using=xpath, value=//h2[contains(text(),'This is demo site for')]}
	at sun.reflect.NativeConstructorAccessorImpl.newInstance0(Native Method)
	at sun.reflect.NativeConstructorAccessorImpl.newInstance(Unknown Source)
	at sun.reflect.DelegatingConstructorAccessorImpl.newInstance(Unknown Source)
	at java.lang.reflect.Constructor.newInstance(Unknown Source)
	at org.openqa.selenium.remote.http.W3CHttpResponseCodec.createException(W3CHttpResponseCodec.java:187)
	at org.openqa.selenium.remote.http.W3CHttpResponseCodec.decode(W3CHttpResponseCodec.java:122)
	at org.openqa.selenium.remote.http.W3CHttpResponseCodec.decode(W3CHttpResponseCodec.java:49)
	at org.openqa.selenium.remote.HttpCommandExecutor.execute(HttpCommandExecutor.java:158)
	at org.openqa.selenium.remote.service.DriverCommandExecutor.execute(DriverCommandExecutor.java:83)
	at org.openqa.selenium.remote.RemoteWebDriver.execute(RemoteWebDriver.java:552)
	at org.openqa.selenium.remote.RemoteWebDriver.findElement(RemoteWebDriver.java:323)
	at org.openqa.selenium.remote.RemoteWebDriver.findElementByXPath(RemoteWebDriver.java:428)
	at org.openqa.selenium.By$ByXPath.findElement(By.java:353)
	at org.openqa.selenium.remote.RemoteWebDriver.findElement(RemoteWebDriver.java:315)
	at org.openqa.selenium.support.pagefactory.DefaultElementLocator.findElement(DefaultElementLocator.java:69)
	at org.openqa.selenium.support.pagefactory.internal.LocatingElementHandler.invoke(LocatingElementHandler.java:38)
	at com.sun.proxy.$Proxy16.getText(Unknown Source)
	at com.base.LibGlobal.getTextt(LibGlobal.java:48)
	at com.stepdefinition.PhoneSortStep.i_verify_user_is_on_home_page(PhoneSortStep.java:28)
	at ?.i verify user is on home page(src/test/resources/features/quantityverify.feature:5)

org.openqa.selenium.WebDriverException: chrome not reachable
  (Session info: chrome=80.0.3987.162)
Build info: version: '3.141.59', revision: 'e82be7d358', time: '2018-11-14T08:17:03'
System info: host: 'FAIZUR', ip: '192.168.43.103', os.name: 'Windows 10', os.arch: 'amd64', os.version: '10.0', java.version: '1.8.0_231'
Driver info: org.openqa.selenium.chrome.ChromeDriver
Capabilities {acceptInsecureCerts: false, browserName: chrome, browserVersion: 80.0.3987.162, chrome: {chromedriverVersion: 80.0.3987.106 (f68069574609..., userDataDir: C:\Users\faizur\AppData\Loc...}, goog:chromeOptions: {debuggerAddress: localhost:51173}, javascriptEnabled: true, networkConnectionEnabled: false, pageLoadStrategy: normal, platform: WINDOWS, platformName: WINDOWS, proxy: Proxy(), setWindowRect: true, strictFileInteractability: false, timeouts: {implicit: 0, pageLoad: 300000, script: 30000}, unhandledPromptBehavior: dismiss and notify}
Session ID: 0a55f2ca3c65f2d41ddf072db1f7fd7c
*** Element info: {Using=xpath, value=//h2[contains(text(),'This is demo site for')]}
	at sun.reflect.NativeConstructorAccessorImpl.newInstance0(Native Method)
	at sun.reflect.NativeConstructorAccessorImpl.newInstance(Unknown Source)
	at sun.reflect.DelegatingConstructorAccessorImpl.newInstance(Unknown Source)
	at java.lang.reflect.Constructor.newInstance(Unknown Source)
	at org.openqa.selenium.remote.http.W3CHttpResponseCodec.createException(W3CHttpResponseCodec.java:187)
	at org.openqa.selenium.remote.http.W3CHttpResponseCodec.decode(W3CHttpResponseCodec.java:122)
	at org.openqa.selenium.remote.http.W3CHttpResponseCodec.decode(W3CHttpResponseCodec.java:49)
	at org.openqa.selenium.remote.HttpCommandExecutor.execute(HttpCommandExecutor.java:158)
	at org.openqa.selenium.remote.service.DriverCommandExecutor.execute(DriverCommandExecutor.java:83)
	at org.openqa.selenium.remote.RemoteWebDriver.execute(RemoteWebDriver.java:552)
	at org.openqa.selenium.remote.RemoteWebDriver.findElement(RemoteWebDriver.java:323)
	at org.openqa.selenium.remote.RemoteWebDriver.findElementByXPath(RemoteWebDriver.java:428)
	at org.openqa.selenium.By$ByXPath.findElement(By.java:353)
	at org.openqa.selenium.remote.RemoteWebDriver.findElement(RemoteWebDriver.java:315)
	at org.openqa.selenium.support.pagefactory.DefaultElementLocator.findElement(DefaultElementLocator.java:69)
	at org.openqa.selenium.support.pagefactory.internal.LocatingElementHandler.invoke(LocatingElementHandler.java:38)
	at com.sun.proxy.$Proxy16.getText(Unknown Source)
	at com.base.LibGlobal.getTextt(LibGlobal.java:48)
	at com.stepdefinition.PhoneSortStep.i_verify_user_is_on_home_page(PhoneSortStep.java:28)
	at ?.i verify user is on home page(src/test/resources/features/xperiaPriceVerify.feature:5)


.F------]]></system-out>
    <system-err><![CDATA[Starting ChromeDriver 80.0.3987.106 (f68069574609230cf9b635cd784cfb1bf81bb53a-refs/branch-heads/3987@{#882}) on port 8888
Only local connections are allowed.
Please protect ports used by ChromeDriver and related test frameworks to prevent access by malicious code.
[1586080708.814][WARNING]: Timed out connecting to Chrome, retrying...
Apr 05, 2020 3:28:30 PM org.openqa.selenium.remote.ProtocolHandshake createSession
INFO: Detected dialect: W3C
[1586080713.427][SEVERE]: Timed out receiving message from renderer: 0.100
[1586080713.531][SEVERE]: Timed out receiving message from renderer: 0.100
[1586080713.636][SEVERE]: Timed out receiving message from renderer: 0.100
[1586080713.739][SEVERE]: Timed out receiving message from renderer: 0.100
[1586080713.840][SEVERE]: Timed out receiving message from renderer: 0.100
[1586080713.942][SEVERE]: Timed out receiving message from renderer: 0.100
[1586080714.044][SEVERE]: Timed out receiving message from renderer: 0.100
[1586080714.153][SEVERE]: Timed out receiving message from renderer: 0.100
[1586080714.256][SEVERE]: Timed out receiving message from renderer: 0.100
[1586080714.358][SEVERE]: Timed out receiving message from renderer: 0.100
[1586080714.459][SEVERE]: Timed out receiving message from renderer: 0.100
[1586080714.561][SEVERE]: Timed out receiving message from renderer: 0.100
[1586080714.668][SEVERE]: Timed out receiving message from renderer: 0.100
[1586080714.771][SEVERE]: Timed out receiving message from renderer: 0.100
[1586080714.873][SEVERE]: Timed out receiving message from renderer: 0.100
[1586080714.976][SEVERE]: Timed out receiving message from renderer: 0.100
[1586080715.078][SEVERE]: Timed out receiving message from renderer: 0.100
[1586080715.180][SEVERE]: Timed out receiving message from renderer: 0.100
[1586080715.285][SEVERE]: Timed out receiving message from renderer: 0.100
[1586080715.390][SEVERE]: Timed out receiving message from renderer: 0.100
[1586080715.500][SEVERE]: Timed out receiving message from renderer: 0.100
[1586080715.608][SEVERE]: Timed out receiving message from renderer: 0.100
[1586080715.717][SEVERE]: Timed out receiving message from renderer: 0.100
[1586080715.821][SEVERE]: Timed out receiving message from renderer: 0.100
[1586080715.925][SEVERE]: Timed out receiving message from renderer: 0.100
[1586080716.036][SEVERE]: Timed out receiving message from renderer: 0.100
[1586080716.142][SEVERE]: Timed out receiving message from renderer: 0.100
[1586080716.248][SEVERE]: Timed out receiving message from renderer: 0.100
[1586080716.352][SEVERE]: Timed out receiving message from renderer: 0.100
[1586080716.458][SEVERE]: Timed out receiving message from renderer: 0.100
[1586080716.582][SEVERE]: Timed out receiving message from renderer: 0.100
[1586080716.748][SEVERE]: Timed out receiving message from renderer: 0.100
[1586080716.854][SEVERE]: Timed out receiving message from renderer: 0.100
[1586080716.958][SEVERE]: Timed out receiving message from renderer: 0.100
[1586080717.063][SEVERE]: Timed out receiving message from renderer: 0.100
[1586080717.169][SEVERE]: Timed out receiving message from renderer: 0.100
[1586080717.272][SEVERE]: Timed out receiving message from renderer: 0.100
[1586080717.374][SEVERE]: Timed out receiving message from renderer: 0.100
[1586080717.477][SEVERE]: Timed out receiving message from renderer: 0.100
[1586080717.590][SEVERE]: Timed out receiving message from renderer: 0.100
[1586080717.885][SEVERE]: Timed out receiving message from renderer: 0.100
[1586080718.004][SEVERE]: Timed out receiving message from renderer: 0.100
[1586080718.121][SEVERE]: Timed out receiving message from renderer: 0.100
[1586080718.227][SEVERE]: Timed out receiving message from renderer: 0.100
[1586080718.342][SEVERE]: Timed out receiving message from renderer: 0.100
[1586080718.527][SEVERE]: Timed out receiving message from renderer: 0.100
[1586080718.648][SEVERE]: Timed out receiving message from renderer: 0.100
[1586080718.767][SEVERE]: Timed out receiving message from renderer: 0.100
[1586080718.886][SEVERE]: Timed out receiving message from renderer: 0.100
[1586080718.995][SEVERE]: Timed out receiving message from renderer: 0.100
[1586080719.105][SEVERE]: Timed out receiving message from renderer: 0.100
[1586080719.215][SEVERE]: Timed out receiving message from renderer: 0.100
[1586080719.320][SEVERE]: Timed out receiving message from renderer: 0.100
[1586080719.427][SEVERE]: Timed out receiving message from renderer: 0.100
[1586080719.534][SEVERE]: Timed out receiving message from renderer: 0.100
[1586080719.639][SEVERE]: Timed out receiving message from renderer: 0.100
[1586080719.741][SEVERE]: Timed out receiving message from renderer: 0.100
[1586080719.843][SEVERE]: Timed out receiving message from renderer: 0.100
[1586080719.954][SEVERE]: Timed out receiving message from renderer: 0.100
[1586080720.058][SEVERE]: Timed out receiving message from renderer: 0.100
[1586080720.168][SEVERE]: Timed out receiving message from renderer: 0.100
[1586080720.270][SEVERE]: Timed out receiving message from renderer: 0.100
[1586080720.373][SEVERE]: Timed out receiving message from renderer: 0.100
[1586080720.476][SEVERE]: Timed out receiving message from renderer: 0.100
[1586080720.591][SEVERE]: Timed out receiving message from renderer: 0.100
[1586080720.693][SEVERE]: Timed out receiving message from renderer: 0.100
[1586080720.801][SEVERE]: Timed out receiving message from renderer: 0.100
[1586080720.903][SEVERE]: Timed out receiving message from renderer: 0.100
[1586080721.008][SEVERE]: Timed out receiving message from renderer: 0.100
[1586080721.111][SEVERE]: Timed out receiving message from renderer: 0.100
[1586080721.220][SEVERE]: Timed out receiving message from renderer: 0.100
[1586080721.322][SEVERE]: Timed out receiving message from renderer: 0.100
[1586080721.424][SEVERE]: Timed out receiving message from renderer: 0.100
[1586080721.529][SEVERE]: Timed out receiving message from renderer: 0.100
[1586080721.632][SEVERE]: Timed out receiving message from renderer: 0.100
[1586080721.736][SEVERE]: Timed out receiving message from renderer: 0.100
[1586080721.837][SEVERE]: Timed out receiving message from renderer: 0.100
[1586080721.940][SEVERE]: Timed out receiving message from renderer: 0.100
[1586080722.042][SEVERE]: Timed out receiving message from renderer: 0.100
[1586080722.146][SEVERE]: Timed out receiving message from renderer: 0.100
[1586080722.251][SEVERE]: Timed out receiving message from renderer: 0.100
[1586080722.353][SEVERE]: Timed out receiving message from renderer: 0.100
[1586080722.455][SEVERE]: Timed out receiving message from renderer: 0.100
[1586080722.556][SEVERE]: Timed out receiving message from renderer: 0.100
[1586080722.658][SEVERE]: Timed out receiving message from renderer: 0.100
[1586080722.760][SEVERE]: Timed out receiving message from renderer: 0.100
[1586080722.864][SEVERE]: Timed out receiving message from renderer: 0.100
[1586080722.967][SEVERE]: Timed out receiving message from renderer: 0.100
[1586080723.070][SEVERE]: Timed out receiving message from renderer: 0.100
[1586080723.172][SEVERE]: Timed out receiving message from renderer: 0.100
[1586080723.274][SEVERE]: Timed out receiving message from renderer: 0.100
[1586080723.376][SEVERE]: Timed out receiving message from renderer: 0.100
[1586080723.491][SEVERE]: Timed out receiving message from renderer: 0.100
[1586080723.602][SEVERE]: Timed out receiving message from renderer: 0.100
[1586080723.705][SEVERE]: Timed out receiving message from renderer: 0.100
[1586080723.807][SEVERE]: Timed out receiving message from renderer: 0.100
[1586080723.909][SEVERE]: Timed out receiving message from renderer: 0.100
[1586080724.013][SEVERE]: Timed out receiving message from renderer: 0.100
[1586080724.116][SEVERE]: Timed out receiving message from renderer: 0.100
[1586080724.218][SEVERE]: Timed out receiving message from renderer: 0.100
[1586080724.321][SEVERE]: Timed out receiving message from renderer: 0.100
[1586080724.423][SEVERE]: Timed out receiving message from renderer: 0.100
[1586080724.532][SEVERE]: Timed out receiving message from renderer: 0.100
[1586080724.670][SEVERE]: Timed out receiving message from renderer: 0.100
[1586080724.772][SEVERE]: Timed out receiving message from renderer: 0.100
[1586080724.882][SEVERE]: Timed out receiving message from renderer: 0.100
[1586080724.998][SEVERE]: Timed out receiving message from renderer: 0.100
[1586080725.117][SEVERE]: Timed out receiving message from renderer: 0.100
[1586080725.225][SEVERE]: Timed out receiving message from renderer: 0.100
[1586080725.327][SEVERE]: Timed out receiving message from renderer: 0.100
[1586080725.434][SEVERE]: Timed out receiving message from renderer: 0.100
[1586080725.536][SEVERE]: Timed out receiving message from renderer: 0.100
[1586080725.637][SEVERE]: Timed out receiving message from renderer: 0.100
[1586080725.740][SEVERE]: Timed out receiving message from renderer: 0.100
[1586080725.841][SEVERE]: Timed out receiving message from renderer: 0.100
[1586080725.947][SEVERE]: Timed out receiving message from renderer: 0.100
[1586080726.051][SEVERE]: Timed out receiving message from renderer: 0.100
[1586080726.159][SEVERE]: Timed out receiving message from renderer: 0.100
[1586080726.281][SEVERE]: Timed out receiving message from renderer: 0.100
[1586080726.383][SEVERE]: Timed out receiving message from renderer: 0.100
[1586080726.486][SEVERE]: Timed out receiving message from renderer: 0.100
[1586080726.624][SEVERE]: Timed out receiving message from renderer: 0.100
[1586080726.730][SEVERE]: Timed out receiving message from renderer: 0.100
[1586080726.840][SEVERE]: Timed out receiving message from renderer: 0.100
[1586080726.950][SEVERE]: Timed out receiving message from renderer: 0.100
[1586080727.056][SEVERE]: Timed out receiving message from renderer: 0.100
[1586080727.159][SEVERE]: Timed out receiving message from renderer: 0.100
[1586080727.266][SEVERE]: Timed out receiving message from renderer: 0.100
[1586080727.371][SEVERE]: Timed out receiving message from renderer: 0.100
[1586080727.483][SEVERE]: Timed out receiving message from renderer: 0.100
[1586080727.584][SEVERE]: Timed out receiving message from renderer: 0.100
[1586080727.685][SEVERE]: Timed out receiving message from renderer: 0.100
[1586080727.787][SEVERE]: Timed out receiving message from renderer: 0.100
[1586080727.890][SEVERE]: Timed out receiving message from renderer: 0.100
[1586080728.005][SEVERE]: Timed out receiving message from renderer: 0.100
[1586080728.106][SEVERE]: Timed out receiving message from renderer: 0.100
[1586080728.237][SEVERE]: Timed out receiving message from renderer: 0.100
[1586080728.356][SEVERE]: Timed out receiving message from renderer: 0.100
[1586080728.465][SEVERE]: Timed out receiving message from renderer: 0.100
[1586080728.568][SEVERE]: Timed out receiving message from renderer: 0.100
[1586080728.675][SEVERE]: Timed out receiving message from renderer: 0.100
[1586080728.787][SEVERE]: Timed out receiving message from renderer: 0.100
[1586080728.906][SEVERE]: Timed out receiving message from renderer: 0.100
[1586080729.014][SEVERE]: Timed out receiving message from renderer: 0.100
[1586080729.122][SEVERE]: Timed out receiving message from renderer: 0.100
[1586080729.236][SEVERE]: Timed out receiving message from renderer: 0.100
[1586080729.367][SEVERE]: Timed out receiving message from renderer: 0.100
[1586080729.472][SEVERE]: Timed out receiving message from renderer: 0.100
[1586080729.596][SEVERE]: Timed out receiving message from renderer: 0.100
[1586080729.703][SEVERE]: Timed out receiving message from renderer: 0.100
[1586080729.805][SEVERE]: Timed out receiving message from renderer: 0.100
[1586080729.932][SEVERE]: Timed out receiving message from renderer: 0.100
[1586080730.034][SEVERE]: Timed out receiving message from renderer: 0.100
[1586080730.139][SEVERE]: Timed out receiving message from renderer: 0.100
[1586080730.241][SEVERE]: Timed out receiving message from renderer: 0.100
[1586080730.353][SEVERE]: Timed out receiving message from renderer: 0.100
[1586080730.515][SEVERE]: Timed out receiving message from renderer: 0.100
[1586080730.639][SEVERE]: Timed out receiving message from renderer: 0.100
[1586080730.762][SEVERE]: Timed out receiving message from renderer: 0.100
[1586080730.864][SEVERE]: Timed out receiving message from renderer: 0.100
[1586080730.974][SEVERE]: Timed out receiving message from renderer: 0.100
[1586080731.096][SEVERE]: Timed out receiving message from renderer: 0.100
[1586080731.216][SEVERE]: Timed out receiving message from renderer: 0.100
[1586080731.331][SEVERE]: Timed out receiving message from renderer: 0.100
[1586080731.438][SEVERE]: Timed out receiving message from renderer: 0.100
[1586080731.559][SEVERE]: Timed out receiving message from renderer: 0.100
[1586080731.667][SEVERE]: Timed out receiving message from renderer: 0.100
[1586080731.790][SEVERE]: Timed out receiving message from renderer: 0.100
[1586080731.915][SEVERE]: Timed out receiving message from renderer: 0.100
[1586080732.034][SEVERE]: Timed out receiving message from renderer: 0.100
[1586080732.147][SEVERE]: Timed out receiving message from renderer: 0.100
[1586080732.251][SEVERE]: Timed out receiving message from renderer: 0.100
[1586080732.372][SEVERE]: Timed out receiving message from renderer: 0.100
[1586080732.481][SEVERE]: Timed out receiving message from renderer: 0.100
[1586080732.594][SEVERE]: Timed out receiving message from renderer: 0.100
[1586080732.700][SEVERE]: Timed out receiving message from renderer: 0.100
[1586080732.810][SEVERE]: Timed out receiving message from renderer: 0.100
[1586080732.918][SEVERE]: Timed out receiving message from renderer: 0.100
[1586080733.030][SEVERE]: Timed out receiving message from renderer: 0.100
[1586080733.135][SEVERE]: Timed out receiving message from renderer: 0.100
[1586080733.237][SEVERE]: Timed out receiving message from renderer: 0.100
[1586080733.339][SEVERE]: Timed out receiving message from renderer: 0.100
[1586080733.445][SEVERE]: Timed out receiving message from renderer: 0.100
[1586080733.567][SEVERE]: Timed out receiving message from renderer: 0.100
[1586080733.671][SEVERE]: Timed out receiving message from renderer: 0.100
[1586080733.783][SEVERE]: Timed out receiving message from renderer: 0.100
[1586080733.891][SEVERE]: Timed out receiving message from renderer: 0.100
[1586080733.998][SEVERE]: Timed out receiving message from renderer: 0.100
[1586080734.105][SEVERE]: Timed out receiving message from renderer: 0.100
[1586080734.225][SEVERE]: Timed out receiving message from renderer: 0.100
[1586080734.332][SEVERE]: Timed out receiving message from renderer: 0.100
[1586080734.438][SEVERE]: Timed out receiving message from renderer: 0.100
[1586080734.563][SEVERE]: Timed out receiving message from renderer: 0.100
[1586080734.716][SEVERE]: Timed out receiving message from renderer: 0.100
[1586080734.820][SEVERE]: Timed out receiving message from renderer: 0.100
[1586080734.946][SEVERE]: Timed out receiving message from renderer: 0.100
[1586080735.052][SEVERE]: Timed out receiving message from renderer: 0.100
[1586080735.189][SEVERE]: Timed out receiving message from renderer: 0.100
[1586080735.303][SEVERE]: Timed out receiving message from renderer: 0.100
[1586080735.419][SEVERE]: Timed out receiving message from renderer: 0.100
[1586080735.525][SEVERE]: Timed out receiving message from renderer: 0.100
[1586080735.634][SEVERE]: Timed out receiving message from renderer: 0.100
[1586080735.753][SEVERE]: Timed out receiving message from renderer: 0.100
[1586080735.860][SEVERE]: Timed out receiving message from renderer: 0.100
[1586080735.965][SEVERE]: Timed out receiving message from renderer: 0.100
[1586080736.071][SEVERE]: Timed out receiving message from renderer: 0.100
[1586080736.216][SEVERE]: Timed out receiving message from renderer: 0.100
[1586080736.320][SEVERE]: Timed out receiving message from renderer: 0.100
[1586080736.423][SEVERE]: Timed out receiving message from renderer: 0.100
[1586080736.534][SEVERE]: Timed out receiving message from renderer: 0.100
[1586080736.653][SEVERE]: Timed out receiving message from renderer: 0.100
[1586080736.767][SEVERE]: Timed out receiving message from renderer: 0.100
[1586080736.879][SEVERE]: Timed out receiving message from renderer: 0.100
[1586080737.017][SEVERE]: Timed out receiving message from renderer: 0.100
[1586080737.121][SEVERE]: Timed out receiving message from renderer: 0.100
[1586080737.252][SEVERE]: Timed out receiving message from renderer: 0.100
[1586080737.382][SEVERE]: Timed out receiving message from renderer: 0.100
[1586080737.498][SEVERE]: Timed out receiving message from renderer: 0.100
[1586080737.616][SEVERE]: Timed out receiving message from renderer: 0.100
[1586080737.720][SEVERE]: Timed out receiving message from renderer: 0.100
[1586080737.838][SEVERE]: Timed out receiving message from renderer: 0.100
[1586080737.947][SEVERE]: Timed out receiving message from renderer: 0.100
[1586080738.063][SEVERE]: Timed out receiving message from renderer: 0.100
[1586080738.169][SEVERE]: Timed out receiving message from renderer: 0.100
[1586080738.274][SEVERE]: Timed out receiving message from renderer: 0.100
[1586080738.377][SEVERE]: Timed out receiving message from renderer: 0.100
[1586080738.480][SEVERE]: Timed out receiving message from renderer: 0.100
[1586080739.115][SEVERE]: Timed out receiving message from renderer: 0.100
[1586080739.217][SEVERE]: Timed out receiving message from renderer: 0.100
[1586080739.319][SEVERE]: Timed out receiving message from renderer: 0.100
[1586080739.420][SEVERE]: Timed out receiving message from renderer: 0.100
[1586080739.521][SEVERE]: Timed out receiving message from renderer: 0.100
[1586080739.622][SEVERE]: Timed out receiving message from renderer: 0.100
[1586080739.724][SEVERE]: Timed out receiving message from renderer: 0.100
[1586080739.827][SEVERE]: Timed out receiving message from renderer: 0.100
[1586080739.929][SEVERE]: Timed out receiving message from renderer: 0.100
[1586080740.030][SEVERE]: Timed out receiving message from renderer: 0.100
[1586080740.131][SEVERE]: Timed out receiving message from renderer: 0.100
[1586080740.232][SEVERE]: Timed out receiving message from renderer: 0.100
[1586080740.333][SEVERE]: Timed out receiving message from renderer: 0.100
[1586080740.434][SEVERE]: Timed out receiving message from renderer: 0.100
[1586080740.535][SEVERE]: Timed out receiving message from renderer: 0.100
[1586080740.637][SEVERE]: Timed out receiving message from renderer: 0.100
[1586080740.739][SEVERE]: Timed out receiving message from renderer: 0.100
[1586080740.840][SEVERE]: Timed out receiving message from renderer: 0.100
[1586080740.945][SEVERE]: Timed out receiving message from renderer: 0.100
[1586080741.046][SEVERE]: Timed out receiving message from renderer: 0.100
[1586080741.147][SEVERE]: Timed out receiving message from renderer: 0.100
[1586080741.248][SEVERE]: Timed out receiving message from renderer: 0.100
[1586080741.350][SEVERE]: Timed out receiving message from renderer: 0.100
[1586080741.452][SEVERE]: Timed out receiving message from renderer: 0.100
[1586080741.555][SEVERE]: Timed out receiving message from renderer: 0.100
[1586080741.660][SEVERE]: Timed out receiving message from renderer: 0.100
[1586080741.765][SEVERE]: Timed out receiving message from renderer: 0.100
[1586080741.867][SEVERE]: Timed out receiving message from renderer: 0.100
[1586080741.973][SEVERE]: Timed out receiving message from renderer: 0.100
[1586080742.079][SEVERE]: Timed out receiving message from renderer: 0.100
[1586080742.186][SEVERE]: Timed out receiving message from renderer: 0.100
[1586080742.299][SEVERE]: Timed out receiving message from renderer: 0.100
[1586080742.402][SEVERE]: Timed out receiving message from renderer: 0.100
[1586080742.505][SEVERE]: Timed out receiving message from renderer: 0.100
[1586080742.648][SEVERE]: Timed out receiving message from renderer: 0.100
[1586080742.900][SEVERE]: Timed out receiving message from renderer: 0.100
[1586080743.002][SEVERE]: Timed out receiving message from renderer: 0.100
[1586080743.104][SEVERE]: Timed out receiving message from renderer: 0.100
[1586080743.210][SEVERE]: Timed out receiving message from renderer: 0.100
[1586080743.315][SEVERE]: Timed out receiving message from renderer: 0.100
[1586080743.431][SEVERE]: Timed out receiving message from renderer: 0.100
[1586080743.546][SEVERE]: Timed out receiving message from renderer: 0.100
[1586080743.652][SEVERE]: Timed out receiving message from renderer: 0.100
[1586080743.754][SEVERE]: Timed out receiving message from renderer: 0.100
[1586080743.863][SEVERE]: Timed out receiving message from renderer: 0.100
[1586080743.968][SEVERE]: Timed out receiving message from renderer: 0.100
[1586080744.071][SEVERE]: Timed out receiving message from renderer: 0.100
[1586080744.178][SEVERE]: Timed out receiving message from renderer: 0.100
[1586080744.282][SEVERE]: Timed out receiving message from renderer: 0.100
[1586080744.385][SEVERE]: Timed out receiving message from renderer: 0.100
[1586080744.489][SEVERE]: Timed out receiving message from renderer: 0.100
[1586080744.601][SEVERE]: Timed out receiving message from renderer: 0.100
[1586080744.703][SEVERE]: Timed out receiving message from renderer: 0.100
[1586080744.806][SEVERE]: Timed out receiving message from renderer: 0.100
[1586080744.912][SEVERE]: Timed out receiving message from renderer: 0.100
[1586080745.016][SEVERE]: Timed out receiving message from renderer: 0.100
[1586080745.120][SEVERE]: Timed out receiving message from renderer: 0.100
[1586080745.222][SEVERE]: Timed out receiving message from renderer: 0.100
[1586080745.331][SEVERE]: Timed out receiving message from renderer: 0.100
[1586080745.433][SEVERE]: Timed out receiving message from renderer: 0.100
[1586080745.535][SEVERE]: Timed out receiving message from renderer: 0.100
[1586080745.638][SEVERE]: Timed out receiving message from renderer: 0.100
[1586080745.743][SEVERE]: Timed out receiving message from renderer: 0.100
[1586080745.848][SEVERE]: Timed out receiving message from renderer: 0.100
[1586080745.953][SEVERE]: Timed out receiving message from renderer: 0.100
[1586080746.056][SEVERE]: Timed out receiving message from renderer: 0.100
[1586080746.162][SEVERE]: Timed out receiving message from renderer: 0.100
[1586080746.268][SEVERE]: Timed out receiving message from renderer: 0.100
[1586080746.395][SEVERE]: Timed out receiving message from renderer: 0.100
[1586080746.595][SEVERE]: Timed out receiving message from renderer: 0.100
[1586080746.713][SEVERE]: Timed out receiving message from renderer: 0.100
[1586080746.816][SEVERE]: Timed out receiving message from renderer: 0.100
[1586080746.918][SEVERE]: Timed out receiving message from renderer: 0.100
[1586080747.030][SEVERE]: Timed out receiving message from renderer: 0.100
[1586080747.132][SEVERE]: Timed out receiving message from renderer: 0.100
[1586080747.235][SEVERE]: Timed out receiving message from renderer: 0.100
[1586080747.337][SEVERE]: Timed out receiving message from renderer: 0.100
[1586080747.447][SEVERE]: Timed out receiving message from renderer: 0.100
[1586080747.550][SEVERE]: Timed out receiving message from renderer: 0.100
[1586080747.652][SEVERE]: Timed out receiving message from renderer: 0.100
[1586080747.763][SEVERE]: Timed out receiving message from renderer: 0.100
[1586080747.871][SEVERE]: Timed out receiving message from renderer: 0.100
[1586080747.983][SEVERE]: Timed out receiving message from renderer: 0.100
[1586080748.085][SEVERE]: Timed out receiving message from renderer: 0.100
[1586080748.188][SEVERE]: Timed out receiving message from renderer: 0.100
[1586080748.294][SEVERE]: Timed out receiving message from renderer: 0.100
[1586080748.397][SEVERE]: Timed out receiving message from renderer: 0.100
[1586080748.501][SEVERE]: Timed out receiving message from renderer: 0.100
[1586080748.696][SEVERE]: Timed out receiving message from renderer: 0.100
[1586080748.802][SEVERE]: Timed out receiving message from renderer: 0.100
[1586080748.915][SEVERE]: Timed out receiving message from renderer: 0.100
[1586080749.020][SEVERE]: Timed out receiving message from renderer: 0.100
[1586080749.122][SEVERE]: Timed out receiving message from renderer: 0.100
[1586080749.229][SEVERE]: Timed out receiving message from renderer: 0.100
[1586080749.331][SEVERE]: Timed out receiving message from renderer: 0.100
[1586080749.434][SEVERE]: Timed out receiving message from renderer: 0.100
[1586080749.537][SEVERE]: Timed out receiving message from renderer: 0.100
[1586080749.644][SEVERE]: Timed out receiving message from renderer: 0.100
[1586080749.747][SEVERE]: Timed out receiving message from renderer: 0.100
[1586080749.852][SEVERE]: Timed out receiving message from renderer: 0.100
[1586080749.955][SEVERE]: Timed out receiving message from renderer: 0.100
[1586080750.135][SEVERE]: Timed out receiving message from renderer: 0.100
[1586080750.282][SEVERE]: Timed out receiving message from renderer: 0.100
[1586080750.408][SEVERE]: Timed out receiving message from renderer: 0.100
[1586080750.519][SEVERE]: Timed out receiving message from renderer: 0.100
[1586080750.633][SEVERE]: Timed out receiving message from renderer: 0.100
[1586080750.799][SEVERE]: Timed out receiving message from renderer: 0.100
[1586080750.930][SEVERE]: Timed out receiving message from renderer: 0.100
[1586080751.032][SEVERE]: Timed out receiving message from renderer: 0.100
[1586080751.136][SEVERE]: Timed out receiving message from renderer: 0.100
[1586080751.246][SEVERE]: Timed out receiving message from renderer: 0.100
[1586080751.370][SEVERE]: Timed out receiving message from renderer: 0.100
[1586080751.517][SEVERE]: Timed out receiving message from renderer: 0.100
[1586080751.780][SEVERE]: Timed out receiving message from renderer: 0.100
[1586080752.163][SEVERE]: Timed out receiving message from renderer: 0.100
[1586080752.286][SEVERE]: Timed out receiving message from renderer: 0.100
[1586080752.441][SEVERE]: Timed out receiving message from renderer: 0.100
[1586080752.830][SEVERE]: Timed out receiving message from renderer: 0.100
[1586080752.955][SEVERE]: Timed out receiving message from renderer: 0.100
[1586080753.084][SEVERE]: Timed out receiving message from renderer: 0.100
[1586080753.243][SEVERE]: Timed out receiving message from renderer: 0.100
[1586080753.377][SEVERE]: Timed out receiving message from renderer: 0.100
[1586080753.509][SEVERE]: Timed out receiving message from renderer: 0.100
[1586080753.650][SEVERE]: Timed out receiving message from renderer: 0.100
]]></system-err>
  </testcase>
</testsuite>